{"/home/daniel/Documents/projet_pers/projetFinM2/Master-sEndProject-BackEnd/apps/api/common/types/EmploymentPeriods.ts": {"path":"/home/daniel/Documents/projet_pers/projetFinM2/Master-sEndProject-BackEnd/apps/api/common/types/EmploymentPeriods.ts","statementMap":{"0":{"start":{"line":1,"column":0},"end":{"line":1,"column":null}},"1":{"start":{"line":2,"column":2},"end":{"line":2,"column":null}},"2":{"start":{"line":3,"column":2},"end":{"line":3,"column":null}}},"fnMap":{"0":{"name":"(anonymous_0)","decl":{"start":{"line":1,"column":0},"end":{"line":1,"column":12}},"loc":{"start":{"line":1,"column":34},"end":{"line":4,"column":1}}}},"branchMap":{"0":{"loc":{"start":{"line":1,"column":12},"end":{"line":1,"column":null}},"type":"binary-expr","locations":[{"start":{"line":1,"column":12},"end":{"line":1,"column":34}},{"start":{"line":1,"column":12},"end":{"line":1,"column":null}}]}},"s":{"0":0,"1":0,"2":0},"f":{"0":0},"b":{"0":[0,0]}}
,"/home/daniel/Documents/projet_pers/projetFinM2/Master-sEndProject-BackEnd/apps/api/common/types/company.ts": {"path":"/home/daniel/Documents/projet_pers/projetFinM2/Master-sEndProject-BackEnd/apps/api/common/types/company.ts","statementMap":{"0":{"start":{"line":1,"column":0},"end":{"line":1,"column":null}},"1":{"start":{"line":2,"column":2},"end":{"line":2,"column":null}},"2":{"start":{"line":3,"column":2},"end":{"line":3,"column":null}},"3":{"start":{"line":6,"column":0},"end":{"line":6,"column":null}},"4":{"start":{"line":7,"column":2},"end":{"line":7,"column":null}},"5":{"start":{"line":8,"column":2},"end":{"line":8,"column":null}},"6":{"start":{"line":9,"column":2},"end":{"line":9,"column":null}},"7":{"start":{"line":10,"column":2},"end":{"line":10,"column":null}},"8":{"start":{"line":11,"column":2},"end":{"line":11,"column":null}},"9":{"start":{"line":12,"column":2},"end":{"line":12,"column":null}},"10":{"start":{"line":13,"column":2},"end":{"line":13,"column":null}},"11":{"start":{"line":14,"column":2},"end":{"line":14,"column":null}},"12":{"start":{"line":15,"column":2},"end":{"line":15,"column":null}},"13":{"start":{"line":16,"column":2},"end":{"line":16,"column":null}},"14":{"start":{"line":17,"column":2},"end":{"line":17,"column":null}},"15":{"start":{"line":18,"column":2},"end":{"line":18,"column":null}},"16":{"start":{"line":19,"column":2},"end":{"line":19,"column":null}},"17":{"start":{"line":20,"column":2},"end":{"line":20,"column":null}},"18":{"start":{"line":21,"column":2},"end":{"line":21,"column":null}},"19":{"start":{"line":22,"column":2},"end":{"line":22,"column":null}},"20":{"start":{"line":23,"column":2},"end":{"line":23,"column":null}},"21":{"start":{"line":24,"column":2},"end":{"line":24,"column":null}},"22":{"start":{"line":27,"column":0},"end":{"line":27,"column":null}},"23":{"start":{"line":28,"column":2},"end":{"line":28,"column":null}},"24":{"start":{"line":29,"column":2},"end":{"line":29,"column":null}}},"fnMap":{"0":{"name":"(anonymous_0)","decl":{"start":{"line":1,"column":0},"end":{"line":1,"column":12}},"loc":{"start":{"line":1,"column":25},"end":{"line":4,"column":1}}},"1":{"name":"(anonymous_1)","decl":{"start":{"line":6,"column":0},"end":{"line":6,"column":12}},"loc":{"start":{"line":6,"column":25},"end":{"line":25,"column":1}}},"2":{"name":"(anonymous_2)","decl":{"start":{"line":27,"column":0},"end":{"line":27,"column":12}},"loc":{"start":{"line":27,"column":18},"end":{"line":30,"column":1}}}},"branchMap":{"0":{"loc":{"start":{"line":1,"column":12},"end":{"line":1,"column":null}},"type":"binary-expr","locations":[{"start":{"line":1,"column":12},"end":{"line":1,"column":25}},{"start":{"line":1,"column":12},"end":{"line":1,"column":null}}]},"1":{"loc":{"start":{"line":6,"column":12},"end":{"line":6,"column":null}},"type":"binary-expr","locations":[{"start":{"line":6,"column":12},"end":{"line":6,"column":25}},{"start":{"line":6,"column":12},"end":{"line":6,"column":null}}]},"2":{"loc":{"start":{"line":27,"column":12},"end":{"line":27,"column":null}},"type":"binary-expr","locations":[{"start":{"line":27,"column":12},"end":{"line":27,"column":18}},{"start":{"line":27,"column":12},"end":{"line":27,"column":null}}]}},"s":{"0":0,"1":0,"2":0,"3":0,"4":0,"5":0,"6":0,"7":0,"8":0,"9":0,"10":0,"11":0,"12":0,"13":0,"14":0,"15":0,"16":0,"17":0,"18":0,"19":0,"20":0,"21":0,"22":0,"23":0,"24":0},"f":{"0":0,"1":0,"2":0},"b":{"0":[0,0],"1":[0,0],"2":[0,0]}}
,"/home/daniel/Documents/projet_pers/projetFinM2/Master-sEndProject-BackEnd/apps/api/common/types/employment.ts": {"path":"/home/daniel/Documents/projet_pers/projetFinM2/Master-sEndProject-BackEnd/apps/api/common/types/employment.ts","statementMap":{"0":{"start":{"line":1,"column":0},"end":{"line":1,"column":null}},"1":{"start":{"line":2,"column":2},"end":{"line":2,"column":null}},"2":{"start":{"line":3,"column":2},"end":{"line":3,"column":null}},"3":{"start":{"line":4,"column":2},"end":{"line":4,"column":null}},"4":{"start":{"line":5,"column":2},"end":{"line":5,"column":null}},"5":{"start":{"line":6,"column":2},"end":{"line":6,"column":null}},"6":{"start":{"line":7,"column":2},"end":{"line":7,"column":null}},"7":{"start":{"line":8,"column":2},"end":{"line":8,"column":null}},"8":{"start":{"line":9,"column":2},"end":{"line":9,"column":null}},"9":{"start":{"line":10,"column":2},"end":{"line":10,"column":null}},"10":{"start":{"line":11,"column":2},"end":{"line":11,"column":null}},"11":{"start":{"line":12,"column":2},"end":{"line":12,"column":null}},"12":{"start":{"line":13,"column":2},"end":{"line":13,"column":null}},"13":{"start":{"line":14,"column":2},"end":{"line":14,"column":null}},"14":{"start":{"line":15,"column":2},"end":{"line":15,"column":null}},"15":{"start":{"line":16,"column":2},"end":{"line":16,"column":null}},"16":{"start":{"line":17,"column":2},"end":{"line":17,"column":null}},"17":{"start":{"line":18,"column":2},"end":{"line":18,"column":null}},"18":{"start":{"line":19,"column":2},"end":{"line":19,"column":null}},"19":{"start":{"line":22,"column":0},"end":{"line":22,"column":null}},"20":{"start":{"line":23,"column":2},"end":{"line":23,"column":null}},"21":{"start":{"line":24,"column":2},"end":{"line":24,"column":null}}},"fnMap":{"0":{"name":"(anonymous_0)","decl":{"start":{"line":1,"column":0},"end":{"line":1,"column":12}},"loc":{"start":{"line":1,"column":28},"end":{"line":20,"column":1}}},"1":{"name":"(anonymous_1)","decl":{"start":{"line":22,"column":0},"end":{"line":22,"column":12}},"loc":{"start":{"line":22,"column":18},"end":{"line":25,"column":1}}}},"branchMap":{"0":{"loc":{"start":{"line":1,"column":12},"end":{"line":1,"column":null}},"type":"binary-expr","locations":[{"start":{"line":1,"column":12},"end":{"line":1,"column":28}},{"start":{"line":1,"column":12},"end":{"line":1,"column":null}}]},"1":{"loc":{"start":{"line":22,"column":12},"end":{"line":22,"column":null}},"type":"binary-expr","locations":[{"start":{"line":22,"column":12},"end":{"line":22,"column":18}},{"start":{"line":22,"column":12},"end":{"line":22,"column":null}}]}},"s":{"0":0,"1":0,"2":0,"3":0,"4":0,"5":0,"6":0,"7":0,"8":0,"9":0,"10":0,"11":0,"12":0,"13":0,"14":0,"15":0,"16":0,"17":0,"18":0,"19":0,"20":0,"21":0},"f":{"0":0,"1":0},"b":{"0":[0,0],"1":[0,0]}}
,"/home/daniel/Documents/projet_pers/projetFinM2/Master-sEndProject-BackEnd/apps/api/common/types/employmentDays.ts": {"path":"/home/daniel/Documents/projet_pers/projetFinM2/Master-sEndProject-BackEnd/apps/api/common/types/employmentDays.ts","statementMap":{"0":{"start":{"line":1,"column":0},"end":{"line":1,"column":null}},"1":{"start":{"line":2,"column":2},"end":{"line":2,"column":null}},"2":{"start":{"line":3,"column":2},"end":{"line":3,"column":null}},"3":{"start":{"line":4,"column":2},"end":{"line":4,"column":null}},"4":{"start":{"line":5,"column":2},"end":{"line":5,"column":null}},"5":{"start":{"line":6,"column":2},"end":{"line":6,"column":null}},"6":{"start":{"line":7,"column":2},"end":{"line":7,"column":null}},"7":{"start":{"line":8,"column":2},"end":{"line":8,"column":null}},"8":{"start":{"line":11,"column":0},"end":{"line":11,"column":null}},"9":{"start":{"line":12,"column":2},"end":{"line":12,"column":null}},"10":{"start":{"line":13,"column":2},"end":{"line":13,"column":null}}},"fnMap":{"0":{"name":"(anonymous_0)","decl":{"start":{"line":1,"column":0},"end":{"line":1,"column":12}},"loc":{"start":{"line":1,"column":20},"end":{"line":9,"column":1}}},"1":{"name":"(anonymous_1)","decl":{"start":{"line":11,"column":0},"end":{"line":11,"column":12}},"loc":{"start":{"line":11,"column":31},"end":{"line":14,"column":1}}}},"branchMap":{"0":{"loc":{"start":{"line":1,"column":12},"end":{"line":1,"column":null}},"type":"binary-expr","locations":[{"start":{"line":1,"column":12},"end":{"line":1,"column":20}},{"start":{"line":1,"column":12},"end":{"line":1,"column":null}}]},"1":{"loc":{"start":{"line":11,"column":12},"end":{"line":11,"column":null}},"type":"binary-expr","locations":[{"start":{"line":11,"column":12},"end":{"line":11,"column":31}},{"start":{"line":11,"column":12},"end":{"line":11,"column":null}}]}},"s":{"0":0,"1":0,"2":0,"3":0,"4":0,"5":0,"6":0,"7":0,"8":0,"9":0,"10":0},"f":{"0":0,"1":0},"b":{"0":[0,0],"1":[0,0]}}
,"/home/daniel/Documents/projet_pers/projetFinM2/Master-sEndProject-BackEnd/apps/api/common/types/user.ts": {"path":"/home/daniel/Documents/projet_pers/projetFinM2/Master-sEndProject-BackEnd/apps/api/common/types/user.ts","statementMap":{"0":{"start":{"line":1,"column":0},"end":{"line":1,"column":null}},"1":{"start":{"line":2,"column":2},"end":{"line":2,"column":null}},"2":{"start":{"line":3,"column":2},"end":{"line":3,"column":null}},"3":{"start":{"line":4,"column":2},"end":{"line":4,"column":null}},"4":{"start":{"line":5,"column":2},"end":{"line":5,"column":null}},"5":{"start":{"line":6,"column":2},"end":{"line":6,"column":null}},"6":{"start":{"line":7,"column":2},"end":{"line":7,"column":null}},"7":{"start":{"line":11,"column":0},"end":{"line":11,"column":null}},"8":{"start":{"line":12,"column":2},"end":{"line":12,"column":null}},"9":{"start":{"line":13,"column":2},"end":{"line":13,"column":null}},"10":{"start":{"line":14,"column":2},"end":{"line":14,"column":null}},"11":{"start":{"line":15,"column":2},"end":{"line":15,"column":null}},"12":{"start":{"line":18,"column":0},"end":{"line":18,"column":null}},"13":{"start":{"line":19,"column":2},"end":{"line":19,"column":null}},"14":{"start":{"line":20,"column":2},"end":{"line":20,"column":null}}},"fnMap":{"0":{"name":"(anonymous_0)","decl":{"start":{"line":1,"column":0},"end":{"line":1,"column":12}},"loc":{"start":{"line":1,"column":20},"end":{"line":8,"column":1}}},"1":{"name":"(anonymous_1)","decl":{"start":{"line":11,"column":0},"end":{"line":11,"column":12}},"loc":{"start":{"line":11,"column":35},"end":{"line":16,"column":1}}},"2":{"name":"(anonymous_2)","decl":{"start":{"line":18,"column":0},"end":{"line":18,"column":12}},"loc":{"start":{"line":18,"column":15},"end":{"line":21,"column":1}}}},"branchMap":{"0":{"loc":{"start":{"line":1,"column":12},"end":{"line":1,"column":null}},"type":"binary-expr","locations":[{"start":{"line":1,"column":12},"end":{"line":1,"column":20}},{"start":{"line":1,"column":12},"end":{"line":1,"column":null}}]},"1":{"loc":{"start":{"line":11,"column":12},"end":{"line":11,"column":null}},"type":"binary-expr","locations":[{"start":{"line":11,"column":12},"end":{"line":11,"column":35}},{"start":{"line":11,"column":12},"end":{"line":11,"column":null}}]},"2":{"loc":{"start":{"line":18,"column":12},"end":{"line":18,"column":null}},"type":"binary-expr","locations":[{"start":{"line":18,"column":12},"end":{"line":18,"column":15}},{"start":{"line":18,"column":12},"end":{"line":18,"column":null}}]}},"s":{"0":0,"1":0,"2":0,"3":0,"4":0,"5":0,"6":0,"7":0,"8":0,"9":0,"10":0,"11":0,"12":0,"13":0,"14":0},"f":{"0":0,"1":0,"2":0},"b":{"0":[0,0],"1":[0,0],"2":[0,0]}}
,"/home/daniel/Documents/projet_pers/projetFinM2/Master-sEndProject-BackEnd/apps/api/common/types/workerDays.ts": {"path":"/home/daniel/Documents/projet_pers/projetFinM2/Master-sEndProject-BackEnd/apps/api/common/types/workerDays.ts","statementMap":{"0":{"start":{"line":1,"column":0},"end":{"line":1,"column":null}},"1":{"start":{"line":2,"column":2},"end":{"line":2,"column":null}},"2":{"start":{"line":3,"column":2},"end":{"line":3,"column":null}},"3":{"start":{"line":4,"column":2},"end":{"line":4,"column":null}},"4":{"start":{"line":5,"column":2},"end":{"line":5,"column":null}},"5":{"start":{"line":6,"column":2},"end":{"line":6,"column":null}},"6":{"start":{"line":7,"column":2},"end":{"line":7,"column":null}},"7":{"start":{"line":8,"column":2},"end":{"line":8,"column":null}},"8":{"start":{"line":11,"column":0},"end":{"line":11,"column":null}},"9":{"start":{"line":12,"column":2},"end":{"line":12,"column":null}},"10":{"start":{"line":13,"column":2},"end":{"line":13,"column":null}}},"fnMap":{"0":{"name":"(anonymous_0)","decl":{"start":{"line":1,"column":0},"end":{"line":1,"column":12}},"loc":{"start":{"line":1,"column":20},"end":{"line":9,"column":1}}},"1":{"name":"(anonymous_1)","decl":{"start":{"line":11,"column":0},"end":{"line":11,"column":12}},"loc":{"start":{"line":11,"column":27},"end":{"line":14,"column":1}}}},"branchMap":{"0":{"loc":{"start":{"line":1,"column":12},"end":{"line":1,"column":null}},"type":"binary-expr","locations":[{"start":{"line":1,"column":12},"end":{"line":1,"column":20}},{"start":{"line":1,"column":12},"end":{"line":1,"column":null}}]},"1":{"loc":{"start":{"line":11,"column":12},"end":{"line":11,"column":null}},"type":"binary-expr","locations":[{"start":{"line":11,"column":12},"end":{"line":11,"column":27}},{"start":{"line":11,"column":12},"end":{"line":11,"column":null}}]}},"s":{"0":0,"1":0,"2":0,"3":0,"4":0,"5":0,"6":0,"7":0,"8":0,"9":0,"10":0},"f":{"0":0,"1":0},"b":{"0":[0,0],"1":[0,0]}}
,"/home/daniel/Documents/projet_pers/projetFinM2/Master-sEndProject-BackEnd/apps/api/common/types/workerPeriods.ts": {"path":"/home/daniel/Documents/projet_pers/projetFinM2/Master-sEndProject-BackEnd/apps/api/common/types/workerPeriods.ts","statementMap":{"0":{"start":{"line":1,"column":0},"end":{"line":1,"column":null}},"1":{"start":{"line":2,"column":2},"end":{"line":2,"column":null}},"2":{"start":{"line":3,"column":2},"end":{"line":3,"column":null}}},"fnMap":{"0":{"name":"(anonymous_0)","decl":{"start":{"line":1,"column":0},"end":{"line":1,"column":12}},"loc":{"start":{"line":1,"column":30},"end":{"line":4,"column":1}}}},"branchMap":{"0":{"loc":{"start":{"line":1,"column":12},"end":{"line":1,"column":null}},"type":"binary-expr","locations":[{"start":{"line":1,"column":12},"end":{"line":1,"column":30}},{"start":{"line":1,"column":12},"end":{"line":1,"column":null}}]}},"s":{"0":0,"1":0,"2":0},"f":{"0":0},"b":{"0":[0,0]}}
,"/home/daniel/Documents/projet_pers/projetFinM2/Master-sEndProject-BackEnd/apps/api/src/app.controller.ts": {"path":"/home/daniel/Documents/projet_pers/projetFinM2/Master-sEndProject-BackEnd/apps/api/src/app.controller.ts","statementMap":{"0":{"start":{"line":1,"column":0},"end":{"line":1,"column":49}},"1":{"start":{"line":3,"column":0},"end":{"line":3,"column":43}},"2":{"start":{"line":6,"column":0},"end":{"line":13,"column":null}},"3":{"start":{"line":7,"column":31},"end":{"line":7,"column":43}},"4":{"start":{"line":11,"column":4},"end":{"line":11,"column":38}},"5":{"start":{"line":10,"column":2},"end":{"line":12,"column":null}},"6":{"start":{"line":6,"column":13},"end":{"line":13,"column":null}},"7":{"start":{"line":6,"column":13},"end":{"line":6,"column":26}}},"fnMap":{"0":{"name":"(anonymous_2)","decl":{"start":{"line":7,"column":2},"end":{"line":7,"column":31}},"loc":{"start":{"line":7,"column":53},"end":{"line":7,"column":57}}},"1":{"name":"(anonymous_3)","decl":{"start":{"line":10,"column":2},"end":{"line":10,"column":10}},"loc":{"start":{"line":10,"column":10},"end":{"line":12,"column":3}}}},"branchMap":{},"s":{"0":1,"1":1,"2":1,"3":1,"4":1,"5":1,"6":1,"7":1},"f":{"0":1,"1":1},"b":{}}
,"/home/daniel/Documents/projet_pers/projetFinM2/Master-sEndProject-BackEnd/apps/api/src/app.module.ts": {"path":"/home/daniel/Documents/projet_pers/projetFinM2/Master-sEndProject-BackEnd/apps/api/src/app.module.ts","statementMap":{"0":{"start":{"line":1,"column":0},"end":{"line":1,"column":51}},"1":{"start":{"line":2,"column":0},"end":{"line":2,"column":60}},"2":{"start":{"line":3,"column":0},"end":{"line":3,"column":40}},"3":{"start":{"line":4,"column":0},"end":{"line":4,"column":61}},"4":{"start":{"line":5,"column":0},"end":{"line":5,"column":52}},"5":{"start":{"line":6,"column":0},"end":{"line":6,"column":48}},"6":{"start":{"line":8,"column":0},"end":{"line":8,"column":49}},"7":{"start":{"line":9,"column":0},"end":{"line":9,"column":43}},"8":{"start":{"line":10,"column":0},"end":{"line":10,"column":57}},"9":{"start":{"line":11,"column":0},"end":{"line":11,"column":66}},"10":{"start":{"line":12,"column":0},"end":{"line":12,"column":78}},"11":{"start":{"line":13,"column":0},"end":{"line":13,"column":85}},"12":{"start":{"line":14,"column":0},"end":{"line":14,"column":99}},"13":{"start":{"line":15,"column":0},"end":{"line":15,"column":76}},"14":{"start":{"line":16,"column":0},"end":{"line":16,"column":66}},"15":{"start":{"line":63,"column":0},"end":{"line":63,"column":null}},"16":{"start":{"line":63,"column":13},"end":{"line":63,"column":null}},"17":{"start":{"line":32,"column":29},"end":{"line":32,"column":66}},"18":{"start":{"line":34,"column":8},"end":{"line":48,"column":10}},"19":{"start":{"line":63,"column":13},"end":{"line":63,"column":22}}},"fnMap":{"0":{"name":"(anonymous_1)","decl":{"start":{"line":31,"column":18},"end":{"line":31,"column":23}},"loc":{"start":{"line":31,"column":57},"end":{"line":49,"column":7}}}},"branchMap":{"0":{"loc":{"start":{"line":37,"column":17},"end":{"line":37,"column":68}},"type":"cond-expr","locations":[{"start":{"line":37,"column":32},"end":{"line":37,"column":61}},{"start":{"line":37,"column":64},"end":{"line":37,"column":68}}]}},"s":{"0":0,"1":0,"2":0,"3":0,"4":0,"5":0,"6":0,"7":0,"8":0,"9":0,"10":0,"11":0,"12":0,"13":0,"14":0,"15":0,"16":0,"17":0,"18":0,"19":0},"f":{"0":0},"b":{"0":[0,0]}}
,"/home/daniel/Documents/projet_pers/projetFinM2/Master-sEndProject-BackEnd/apps/api/src/app.service.ts": {"path":"/home/daniel/Documents/projet_pers/projetFinM2/Master-sEndProject-BackEnd/apps/api/src/app.service.ts","statementMap":{"0":{"start":{"line":1,"column":0},"end":{"line":1,"column":44}},"1":{"start":{"line":4,"column":0},"end":{"line":8,"column":null}},"2":{"start":{"line":6,"column":4},"end":{"line":6,"column":26}},"3":{"start":{"line":4,"column":13},"end":{"line":8,"column":null}},"4":{"start":{"line":4,"column":13},"end":{"line":4,"column":23}}},"fnMap":{"0":{"name":"(anonymous_1)","decl":{"start":{"line":5,"column":2},"end":{"line":5,"column":10}},"loc":{"start":{"line":5,"column":10},"end":{"line":7,"column":3}}}},"branchMap":{},"s":{"0":1,"1":1,"2":1,"3":1,"4":1},"f":{"0":1},"b":{}}
,"/home/daniel/Documents/projet_pers/projetFinM2/Master-sEndProject-BackEnd/apps/api/src/config.schema.ts": {"path":"/home/daniel/Documents/projet_pers/projetFinM2/Master-sEndProject-BackEnd/apps/api/src/config.schema.ts","statementMap":{"0":{"start":{"line":1,"column":0},"end":{"line":1,"column":33}},"1":{"start":{"line":3,"column":13},"end":{"line":13,"column":3}}},"fnMap":{},"branchMap":{},"s":{"0":0,"1":0},"f":{},"b":{}}
,"/home/daniel/Documents/projet_pers/projetFinM2/Master-sEndProject-BackEnd/apps/api/src/main.ts": {"path":"/home/daniel/Documents/projet_pers/projetFinM2/Master-sEndProject-BackEnd/apps/api/src/main.ts","statementMap":{"0":{"start":{"line":1,"column":0},"end":{"line":1,"column":65}},"1":{"start":{"line":2,"column":0},"end":{"line":2,"column":48}},"2":{"start":{"line":4,"column":0},"end":{"line":4,"column":43}},"3":{"start":{"line":5,"column":0},"end":{"line":5,"column":65}},"4":{"start":{"line":6,"column":0},"end":{"line":6,"column":31}},"5":{"start":{"line":7,"column":0},"end":{"line":7,"column":28}},"6":{"start":{"line":9,"column":0},"end":{"line":9,"column":41}},"7":{"start":{"line":12,"column":14},"end":{"line":12,"column":49}},"8":{"start":{"line":13,"column":18},"end":{"line":20,"column":12}},"9":{"start":{"line":21,"column":28},"end":{"line":28,"column":4}},"10":{"start":{"line":29,"column":19},"end":{"line":29,"column":61}},"11":{"start":{"line":30,"column":2},"end":{"line":30,"column":44}},"12":{"start":{"line":31,"column":2},"end":{"line":31,"column":20}},"13":{"start":{"line":32,"column":2},"end":{"line":32,"column":19}},"14":{"start":{"line":34,"column":2},"end":{"line":34,"column":43}},"15":{"start":{"line":35,"column":2},"end":{"line":35,"column":56}},"16":{"start":{"line":36,"column":15},"end":{"line":36,"column":31}},"17":{"start":{"line":37,"column":2},"end":{"line":37,"column":23}},"18":{"start":{"line":38,"column":2},"end":{"line":38,"column":25}},"19":{"start":{"line":40,"column":0},"end":{"line":40,"column":12}}},"fnMap":{"0":{"name":"bootstrap","decl":{"start":{"line":11,"column":15},"end":{"line":11,"column":24}},"loc":{"start":{"line":11,"column":24},"end":{"line":39,"column":1}}}},"branchMap":{},"s":{"0":0,"1":0,"2":0,"3":0,"4":0,"5":0,"6":0,"7":0,"8":0,"9":0,"10":0,"11":0,"12":0,"13":0,"14":0,"15":0,"16":0,"17":0,"18":0,"19":0},"f":{"0":0},"b":{}}
,"/home/daniel/Documents/projet_pers/projetFinM2/Master-sEndProject-BackEnd/apps/api/src/transform.repository.ts": {"path":"/home/daniel/Documents/projet_pers/projetFinM2/Master-sEndProject-BackEnd/apps/api/src/transform.repository.ts","statementMap":{"0":{"start":{"line":1,"column":0},"end":{"line":1,"column":null}},"1":{"start":{"line":7,"column":0},"end":{"line":7,"column":52}},"2":{"start":{"line":8,"column":0},"end":{"line":8,"column":37}},"3":{"start":{"line":11,"column":0},"end":{"line":15,"column":null}},"4":{"start":{"line":13,"column":4},"end":{"line":13,"column":68}},"5":{"start":{"line":13,"column":44},"end":{"line":13,"column":65}},"6":{"start":{"line":11,"column":13},"end":{"line":15,"column":null}},"7":{"start":{"line":11,"column":13},"end":{"line":11,"column":33}}},"fnMap":{"0":{"name":"(anonymous_1)","decl":{"start":{"line":12,"column":2},"end":{"line":12,"column":11}},"loc":{"start":{"line":12,"column":61},"end":{"line":14,"column":3}}},"1":{"name":"(anonymous_2)","decl":{"start":{"line":13,"column":34},"end":{"line":13,"column":35}},"loc":{"start":{"line":13,"column":44},"end":{"line":13,"column":65}}}},"branchMap":{},"s":{"0":0,"1":0,"2":0,"3":0,"4":0,"5":0,"6":0,"7":0},"f":{"0":0,"1":0},"b":{}}
,"/home/daniel/Documents/projet_pers/projetFinM2/Master-sEndProject-BackEnd/apps/api/src/SHARED/dto/filter.dto.ts": {"path":"/home/daniel/Documents/projet_pers/projetFinM2/Master-sEndProject-BackEnd/apps/api/src/SHARED/dto/filter.dto.ts","statementMap":{"0":{"start":{"line":1,"column":0},"end":{"line":1,"column":55}},"1":{"start":{"line":6,"column":2},"end":{"line":6,"column":null}},"2":{"start":{"line":3,"column":0},"end":{"line":3,"column":13}}},"fnMap":{},"branchMap":{},"s":{"0":0,"1":0,"2":0},"f":{},"b":{}}
,"/home/daniel/Documents/projet_pers/projetFinM2/Master-sEndProject-BackEnd/apps/api/src/SHARED/entities/base.entity.ts": {"path":"/home/daniel/Documents/projet_pers/projetFinM2/Master-sEndProject-BackEnd/apps/api/src/SHARED/entities/base.entity.ts","statementMap":{"0":{"start":{"line":1,"column":0},"end":{"line":1,"column":null}},"1":{"start":{"line":9,"column":2},"end":{"line":9,"column":null}},"2":{"start":{"line":12,"column":2},"end":{"line":12,"column":null}},"3":{"start":{"line":11,"column":56},"end":{"line":11,"column":72}},"4":{"start":{"line":15,"column":2},"end":{"line":15,"column":null}},"5":{"start":{"line":14,"column":56},"end":{"line":14,"column":72}},"6":{"start":{"line":7,"column":0},"end":{"line":7,"column":13}}},"fnMap":{"0":{"name":"(anonymous_2)","decl":{"start":{"line":11,"column":50},"end":{"line":11,"column":53}},"loc":{"start":{"line":11,"column":56},"end":{"line":11,"column":72}}},"1":{"name":"(anonymous_3)","decl":{"start":{"line":14,"column":50},"end":{"line":14,"column":53}},"loc":{"start":{"line":14,"column":56},"end":{"line":14,"column":72}}}},"branchMap":{},"s":{"0":0,"1":0,"2":0,"3":0,"4":0,"5":0,"6":0},"f":{"0":0,"1":0},"b":{}}
,"/home/daniel/Documents/projet_pers/projetFinM2/Master-sEndProject-BackEnd/apps/api/src/ability/abilities.decorator.ts": {"path":"/home/daniel/Documents/projet_pers/projetFinM2/Master-sEndProject-BackEnd/apps/api/src/ability/abilities.decorator.ts","statementMap":{"0":{"start":{"line":1,"column":0},"end":{"line":1,"column":45}},"1":{"start":{"line":2,"column":0},"end":{"line":2,"column":45}},"2":{"start":{"line":4,"column":0},"end":{"line":4,"column":53}},"3":{"start":{"line":11,"column":13},"end":{"line":11,"column":45}},"4":{"start":{"line":13,"column":30},"end":{"line":14,"column":42}},"5":{"start":{"line":14,"column":2},"end":{"line":14,"column":42}},"6":{"start":{"line":13,"column":13},"end":{"line":13,"column":30}},"7":{"start":{"line":17,"column":2},"end":{"line":17,"column":23}},"8":{"start":{"line":19,"column":2},"end":{"line":19,"column":17}},"9":{"start":{"line":16,"column":0},"end":{"line":16,"column":13}}},"fnMap":{"0":{"name":"(anonymous_0)","decl":{"start":{"line":13,"column":30},"end":{"line":13,"column":31}},"loc":{"start":{"line":14,"column":2},"end":{"line":14,"column":42}}},"1":{"name":"(anonymous_1)","decl":{"start":{"line":16,"column":0},"end":{"line":16,"column":13}},"loc":{"start":{"line":16,"column":0},"end":{"line":20,"column":1}}}},"branchMap":{},"s":{"0":0,"1":0,"2":0,"3":0,"4":0,"5":0,"6":0,"7":0,"8":0,"9":0},"f":{"0":0,"1":0},"b":{}}
,"/home/daniel/Documents/projet_pers/projetFinM2/Master-sEndProject-BackEnd/apps/api/src/ability/ability.factory.ts": {"path":"/home/daniel/Documents/projet_pers/projetFinM2/Master-sEndProject-BackEnd/apps/api/src/ability/ability.factory.ts","statementMap":{"0":{"start":{"line":1,"column":0},"end":{"line":1,"column":40}},"1":{"start":{"line":3,"column":0},"end":{"line":3,"column":45}},"2":{"start":{"line":4,"column":0},"end":{"line":4,"column":54}},"3":{"start":{"line":5,"column":0},"end":{"line":5,"column":63}},"4":{"start":{"line":6,"column":0},"end":{"line":6,"column":75}},"5":{"start":{"line":7,"column":0},"end":{"line":7,"column":84}},"6":{"start":{"line":8,"column":0},"end":{"line":8,"column":96}},"7":{"start":{"line":9,"column":0},"end":{"line":9,"column":73}},"8":{"start":{"line":10,"column":0},"end":{"line":10,"column":63}},"9":{"start":{"line":11,"column":0},"end":{"line":11,"column":null}},"10":{"start":{"line":18,"column":0},"end":{"line":18,"column":44}},"11":{"start":{"line":21,"column":0},"end":{"line":21,"column":51}},"12":{"start":{"line":23,"column":0},"end":{"line":23,"column":null}},"13":{"start":{"line":24,"column":2},"end":{"line":24,"column":null}},"14":{"start":{"line":25,"column":2},"end":{"line":25,"column":null}},"15":{"start":{"line":26,"column":2},"end":{"line":26,"column":null}},"16":{"start":{"line":27,"column":2},"end":{"line":27,"column":null}},"17":{"start":{"line":28,"column":2},"end":{"line":28,"column":null}},"18":{"start":{"line":29,"column":2},"end":{"line":29,"column":null}},"19":{"start":{"line":30,"column":2},"end":{"line":30,"column":null}},"20":{"start":{"line":60,"column":0},"end":{"line":172,"column":null}},"21":{"start":{"line":62,"column":35},"end":{"line":63,"column":null}},"22":{"start":{"line":65,"column":4},"end":{"line":165,"column":null}},"23":{"start":{"line":67,"column":8},"end":{"line":67,"column":34}},"24":{"start":{"line":68,"column":8},"end":{"line":68,"column":14}},"25":{"start":{"line":70,"column":8},"end":{"line":70,"column":33}},"26":{"start":{"line":71,"column":8},"end":{"line":73,"column":10}},"27":{"start":{"line":74,"column":8},"end":{"line":74,"column":36}},"28":{"start":{"line":75,"column":8},"end":{"line":75,"column":50}},"29":{"start":{"line":76,"column":8},"end":{"line":76,"column":39}},"30":{"start":{"line":77,"column":8},"end":{"line":77,"column":46}},"31":{"start":{"line":78,"column":8},"end":{"line":78,"column":43}},"32":{"start":{"line":79,"column":8},"end":{"line":79,"column":35}},"33":{"start":{"line":80,"column":8},"end":{"line":80,"column":42}},"34":{"start":{"line":81,"column":8},"end":{"line":81,"column":39}},"35":{"start":{"line":82,"column":8},"end":{"line":82,"column":14}},"36":{"start":{"line":84,"column":8},"end":{"line":84,"column":73}},"37":{"start":{"line":86,"column":8},"end":{"line":88,"column":11}},"38":{"start":{"line":89,"column":8},"end":{"line":89,"column":39}},"39":{"start":{"line":91,"column":8},"end":{"line":93,"column":11}},"40":{"start":{"line":94,"column":8},"end":{"line":94,"column":53}},"41":{"start":{"line":96,"column":8},"end":{"line":98,"column":11}},"42":{"start":{"line":99,"column":8},"end":{"line":99,"column":42}},"43":{"start":{"line":101,"column":8},"end":{"line":101,"column":50}},"44":{"start":{"line":102,"column":8},"end":{"line":102,"column":49}},"45":{"start":{"line":104,"column":8},"end":{"line":104,"column":43}},"46":{"start":{"line":106,"column":8},"end":{"line":106,"column":35}},"47":{"start":{"line":108,"column":8},"end":{"line":108,"column":42}},"48":{"start":{"line":110,"column":8},"end":{"line":110,"column":39}},"49":{"start":{"line":111,"column":8},"end":{"line":111,"column":14}},"50":{"start":{"line":113,"column":8},"end":{"line":113,"column":33}},"51":{"start":{"line":116,"column":8},"end":{"line":116,"column":66}},"52":{"start":{"line":117,"column":8},"end":{"line":120,"column":10}},"53":{"start":{"line":123,"column":8},"end":{"line":123,"column":48}},"54":{"start":{"line":124,"column":8},"end":{"line":133,"column":10}},"55":{"start":{"line":136,"column":8},"end":{"line":136,"column":39}},"56":{"start":{"line":138,"column":8},"end":{"line":138,"column":44}},"57":{"start":{"line":139,"column":8},"end":{"line":139,"column":41}},"58":{"start":{"line":142,"column":8},"end":{"line":142,"column":38}},"59":{"start":{"line":143,"column":8},"end":{"line":143,"column":45}},"60":{"start":{"line":144,"column":8},"end":{"line":144,"column":42}},"61":{"start":{"line":145,"column":8},"end":{"line":145,"column":14}},"62":{"start":{"line":148,"column":8},"end":{"line":148,"column":34}},"63":{"start":{"line":149,"column":8},"end":{"line":152,"column":10}},"64":{"start":{"line":153,"column":8},"end":{"line":153,"column":31}},"65":{"start":{"line":155,"column":8},"end":{"line":155,"column":53}},"66":{"start":{"line":156,"column":8},"end":{"line":156,"column":42}},"67":{"start":{"line":157,"column":8},"end":{"line":157,"column":49}},"68":{"start":{"line":158,"column":8},"end":{"line":158,"column":46}},"69":{"start":{"line":159,"column":8},"end":{"line":159,"column":38}},"70":{"start":{"line":160,"column":8},"end":{"line":160,"column":45}},"71":{"start":{"line":161,"column":8},"end":{"line":161,"column":42}},"72":{"start":{"line":162,"column":8},"end":{"line":162,"column":14}},"73":{"start":{"line":164,"column":8},"end":{"line":164,"column":14}},"74":{"start":{"line":167,"column":4},"end":{"line":170,"column":7}},"75":{"start":{"line":169,"column":8},"end":{"line":169,"column":59}},"76":{"start":{"line":60,"column":13},"end":{"line":172,"column":null}},"77":{"start":{"line":60,"column":13},"end":{"line":60,"column":27}}},"fnMap":{"0":{"name":"(anonymous_1)","decl":{"start":{"line":23,"column":0},"end":{"line":23,"column":12}},"loc":{"start":{"line":23,"column":18},"end":{"line":31,"column":1}}},"1":{"name":"(anonymous_2)","decl":{"start":{"line":61,"column":2},"end":{"line":61,"column":15}},"loc":{"start":{"line":61,"column":36},"end":{"line":171,"column":3}}},"2":{"name":"(anonymous_3)","decl":{"start":{"line":168,"column":25},"end":{"line":168,"column":26}},"loc":{"start":{"line":169,"column":8},"end":{"line":169,"column":59}}}},"branchMap":{"0":{"loc":{"start":{"line":23,"column":12},"end":{"line":23,"column":null}},"type":"binary-expr","locations":[{"start":{"line":23,"column":12},"end":{"line":23,"column":18}},{"start":{"line":23,"column":12},"end":{"line":23,"column":null}}]},"1":{"loc":{"start":{"line":65,"column":4},"end":{"line":165,"column":null}},"type":"switch","locations":[{"start":{"line":66,"column":6},"end":{"line":68,"column":14}},{"start":{"line":69,"column":6},"end":{"line":82,"column":14}},{"start":{"line":83,"column":6},"end":{"line":111,"column":14}},{"start":{"line":112,"column":6},"end":{"line":145,"column":14}},{"start":{"line":147,"column":6},"end":{"line":162,"column":14}},{"start":{"line":163,"column":6},"end":{"line":164,"column":14}}]}},"s":{"0":0,"1":0,"2":0,"3":0,"4":0,"5":0,"6":0,"7":0,"8":0,"9":0,"10":0,"11":0,"12":0,"13":0,"14":0,"15":0,"16":0,"17":0,"18":0,"19":0,"20":0,"21":0,"22":0,"23":0,"24":0,"25":0,"26":0,"27":0,"28":0,"29":0,"30":0,"31":0,"32":0,"33":0,"34":0,"35":0,"36":0,"37":0,"38":0,"39":0,"40":0,"41":0,"42":0,"43":0,"44":0,"45":0,"46":0,"47":0,"48":0,"49":0,"50":0,"51":0,"52":0,"53":0,"54":0,"55":0,"56":0,"57":0,"58":0,"59":0,"60":0,"61":0,"62":0,"63":0,"64":0,"65":0,"66":0,"67":0,"68":0,"69":0,"70":0,"71":0,"72":0,"73":0,"74":0,"75":0,"76":0,"77":0},"f":{"0":0,"1":0,"2":0},"b":{"0":[0,0],"1":[0,0,0,0,0,0]}}
,"/home/daniel/Documents/projet_pers/projetFinM2/Master-sEndProject-BackEnd/apps/api/src/ability/ability.module.ts": {"path":"/home/daniel/Documents/projet_pers/projetFinM2/Master-sEndProject-BackEnd/apps/api/src/ability/ability.module.ts","statementMap":{"0":{"start":{"line":1,"column":0},"end":{"line":1,"column":40}},"1":{"start":{"line":3,"column":0},"end":{"line":3,"column":51}},"2":{"start":{"line":9,"column":0},"end":{"line":9,"column":null}},"3":{"start":{"line":9,"column":13},"end":{"line":9,"column":null}},"4":{"start":{"line":9,"column":13},"end":{"line":9,"column":26}}},"fnMap":{},"branchMap":{},"s":{"0":0,"1":0,"2":0,"3":0,"4":0},"f":{},"b":{}}
,"/home/daniel/Documents/projet_pers/projetFinM2/Master-sEndProject-BackEnd/apps/api/src/auth/auth.controller.ts": {"path":"/home/daniel/Documents/projet_pers/projetFinM2/Master-sEndProject-BackEnd/apps/api/src/auth/auth.controller.ts","statementMap":{"0":{"start":{"line":1,"column":0},"end":{"line":1,"column":62}},"1":{"start":{"line":2,"column":0},"end":{"line":2,"column":80}},"2":{"start":{"line":3,"column":0},"end":{"line":3,"column":45}},"3":{"start":{"line":5,"column":0},"end":{"line":5,"column":45}},"4":{"start":{"line":6,"column":0},"end":{"line":6,"column":64}},"5":{"start":{"line":9,"column":0},"end":{"line":35,"column":null}},"6":{"start":{"line":12,"column":22},"end":{"line":12,"column":35}},"7":{"start":{"line":10,"column":10},"end":{"line":10,"column":48}},"8":{"start":{"line":16,"column":4},"end":{"line":16,"column":51}},"9":{"start":{"line":18,"column":4},"end":{"line":18,"column":50}},"10":{"start":{"line":25,"column":4},"end":{"line":25,"column":72}},"11":{"start":{"line":26,"column":4},"end":{"line":26,"column":36}},"12":{"start":{"line":27,"column":4},"end":{"line":27,"column":55}},"13":{"start":{"line":33,"column":4},"end":{"line":33,"column":21}},"14":{"start":{"line":15,"column":2},"end":{"line":19,"column":null}},"15":{"start":{"line":22,"column":2},"end":{"line":28,"column":null}},"16":{"start":{"line":32,"column":2},"end":{"line":34,"column":null}},"17":{"start":{"line":9,"column":13},"end":{"line":35,"column":null}},"18":{"start":{"line":9,"column":13},"end":{"line":9,"column":27}}},"fnMap":{"0":{"name":"(anonymous_4)","decl":{"start":{"line":12,"column":2},"end":{"line":12,"column":22}},"loc":{"start":{"line":12,"column":46},"end":{"line":12,"column":50}}},"1":{"name":"(anonymous_5)","decl":{"start":{"line":15,"column":2},"end":{"line":15,"column":8}},"loc":{"start":{"line":15,"column":45},"end":{"line":19,"column":3}}},"2":{"name":"(anonymous_6)","decl":{"start":{"line":22,"column":2},"end":{"line":22,"column":8}},"loc":{"start":{"line":23,"column":50},"end":{"line":28,"column":3}}},"3":{"name":"(anonymous_7)","decl":{"start":{"line":32,"column":2},"end":{"line":32,"column":6}},"loc":{"start":{"line":32,"column":17},"end":{"line":34,"column":3}}}},"branchMap":{},"s":{"0":0,"1":0,"2":0,"3":0,"4":0,"5":0,"6":0,"7":0,"8":0,"9":0,"10":0,"11":0,"12":0,"13":0,"14":0,"15":0,"16":0,"17":0,"18":0},"f":{"0":0,"1":0,"2":0,"3":0},"b":{}}
,"/home/daniel/Documents/projet_pers/projetFinM2/Master-sEndProject-BackEnd/apps/api/src/auth/auth.module.ts": {"path":"/home/daniel/Documents/projet_pers/projetFinM2/Master-sEndProject-BackEnd/apps/api/src/auth/auth.module.ts","statementMap":{"0":{"start":{"line":1,"column":0},"end":{"line":1,"column":60}},"1":{"start":{"line":2,"column":0},"end":{"line":2,"column":40}},"2":{"start":{"line":3,"column":0},"end":{"line":3,"column":61}},"3":{"start":{"line":4,"column":0},"end":{"line":4,"column":40}},"4":{"start":{"line":5,"column":0},"end":{"line":5,"column":50}},"5":{"start":{"line":6,"column":0},"end":{"line":6,"column":48}},"6":{"start":{"line":8,"column":0},"end":{"line":8,"column":51}},"7":{"start":{"line":9,"column":0},"end":{"line":9,"column":45}},"8":{"start":{"line":10,"column":0},"end":{"line":10,"column":45}},"9":{"start":{"line":11,"column":0},"end":{"line":11,"column":53}},"10":{"start":{"line":34,"column":0},"end":{"line":34,"column":null}},"11":{"start":{"line":34,"column":13},"end":{"line":34,"column":null}},"12":{"start":{"line":20,"column":59},"end":{"line":25,"column":8}},"13":{"start":{"line":34,"column":13},"end":{"line":34,"column":23}}},"fnMap":{"0":{"name":"(anonymous_1)","decl":{"start":{"line":20,"column":18},"end":{"line":20,"column":23}},"loc":{"start":{"line":20,"column":59},"end":{"line":25,"column":8}}}},"branchMap":{},"s":{"0":0,"1":0,"2":0,"3":0,"4":0,"5":0,"6":0,"7":0,"8":0,"9":0,"10":0,"11":0,"12":0,"13":0},"f":{"0":0},"b":{}}
,"/home/daniel/Documents/projet_pers/projetFinM2/Master-sEndProject-BackEnd/apps/api/src/auth/auth.service.ts": {"path":"/home/daniel/Documents/projet_pers/projetFinM2/Master-sEndProject-BackEnd/apps/api/src/auth/auth.service.ts","statementMap":{"0":{"start":{"line":2,"column":0},"end":{"line":2,"column":null}},"1":{"start":{"line":8,"column":0},"end":{"line":8,"column":41}},"2":{"start":{"line":9,"column":0},"end":{"line":9,"column":51}},"3":{"start":{"line":10,"column":0},"end":{"line":10,"column":33}},"4":{"start":{"line":14,"column":0},"end":{"line":14,"column":53}},"5":{"start":{"line":17,"column":0},"end":{"line":51,"column":null}},"6":{"start":{"line":20,"column":12},"end":{"line":20,"column":29}},"7":{"start":{"line":21,"column":12},"end":{"line":21,"column":24}},"8":{"start":{"line":25,"column":19},"end":{"line":25,"column":48}},"9":{"start":{"line":26,"column":4},"end":{"line":26,"column":51}},"10":{"start":{"line":27,"column":4},"end":{"line":27,"column":63}},"11":{"start":{"line":33,"column":32},"end":{"line":33,"column":50}},"12":{"start":{"line":34,"column":17},"end":{"line":34,"column":62}},"13":{"start":{"line":35,"column":4},"end":{"line":39,"column":null}},"14":{"start":{"line":36,"column":34},"end":{"line":36,"column":43}},"15":{"start":{"line":37,"column":34},"end":{"line":37,"column":63}},"16":{"start":{"line":38,"column":6},"end":{"line":38,"column":29}},"17":{"start":{"line":40,"column":4},"end":{"line":40,"column":75}},"18":{"start":{"line":44,"column":18},"end":{"line":44,"column":77}},"19":{"start":{"line":46,"column":4},"end":{"line":48,"column":null}},"20":{"start":{"line":47,"column":6},"end":{"line":47,"column":68}},"21":{"start":{"line":49,"column":4},"end":{"line":49,"column":17}},"22":{"start":{"line":17,"column":13},"end":{"line":51,"column":null}},"23":{"start":{"line":17,"column":13},"end":{"line":17,"column":24}}},"fnMap":{"0":{"name":"(anonymous_4)","decl":{"start":{"line":18,"column":2},"end":{"line":18,"column":null}},"loc":{"start":{"line":21,"column":34},"end":{"line":22,"column":6}}},"1":{"name":"(anonymous_5)","decl":{"start":{"line":24,"column":2},"end":{"line":24,"column":7}},"loc":{"start":{"line":24,"column":53},"end":{"line":28,"column":3}}},"2":{"name":"(anonymous_6)","decl":{"start":{"line":30,"column":2},"end":{"line":30,"column":7}},"loc":{"start":{"line":31,"column":42},"end":{"line":41,"column":3}}},"3":{"name":"(anonymous_7)","decl":{"start":{"line":43,"column":2},"end":{"line":43,"column":7}},"loc":{"start":{"line":43,"column":42},"end":{"line":50,"column":3}}}},"branchMap":{"0":{"loc":{"start":{"line":35,"column":4},"end":{"line":39,"column":null}},"type":"if","locations":[{"start":{"line":35,"column":4},"end":{"line":39,"column":null}}]},"1":{"loc":{"start":{"line":35,"column":8},"end":{"line":35,"column":63}},"type":"binary-expr","locations":[{"start":{"line":35,"column":8},"end":{"line":35,"column":12}},{"start":{"line":35,"column":17},"end":{"line":35,"column":62}}]},"2":{"loc":{"start":{"line":46,"column":4},"end":{"line":48,"column":null}},"type":"if","locations":[{"start":{"line":46,"column":4},"end":{"line":48,"column":null}}]}},"s":{"0":0,"1":0,"2":0,"3":0,"4":0,"5":0,"6":0,"7":0,"8":0,"9":0,"10":0,"11":0,"12":0,"13":0,"14":0,"15":0,"16":0,"17":0,"18":0,"19":0,"20":0,"21":0,"22":0,"23":0},"f":{"0":0,"1":0,"2":0,"3":0},"b":{"0":[0],"1":[0,0],"2":[0]}}
,"/home/daniel/Documents/projet_pers/projetFinM2/Master-sEndProject-BackEnd/apps/api/src/auth/get-user.decorator.ts": {"path":"/home/daniel/Documents/projet_pers/projetFinM2/Master-sEndProject-BackEnd/apps/api/src/auth/get-user.decorator.ts","statementMap":{"0":{"start":{"line":1,"column":0},"end":{"line":1,"column":54}},"1":{"start":{"line":6,"column":13},"end":{"line":11,"column":2}},"2":{"start":{"line":8,"column":16},"end":{"line":8,"column":47}},"3":{"start":{"line":9,"column":4},"end":{"line":9,"column":20}}},"fnMap":{"0":{"name":"(anonymous_0)","decl":{"start":{"line":7,"column":2},"end":{"line":7,"column":3}},"loc":{"start":{"line":7,"column":45},"end":{"line":10,"column":3}}}},"branchMap":{},"s":{"0":0,"1":0,"2":0,"3":0},"f":{"0":0},"b":{}}
,"/home/daniel/Documents/projet_pers/projetFinM2/Master-sEndProject-BackEnd/apps/api/src/auth/jwt.startegy.ts": {"path":"/home/daniel/Documents/projet_pers/projetFinM2/Master-sEndProject-BackEnd/apps/api/src/auth/jwt.startegy.ts","statementMap":{"0":{"start":{"line":1,"column":0},"end":{"line":1,"column":67}},"1":{"start":{"line":2,"column":0},"end":{"line":2,"column":47}},"2":{"start":{"line":3,"column":0},"end":{"line":3,"column":52}},"3":{"start":{"line":4,"column":0},"end":{"line":4,"column":51}},"4":{"start":{"line":5,"column":0},"end":{"line":5,"column":52}},"5":{"start":{"line":9,"column":0},"end":{"line":9,"column":53}},"6":{"start":{"line":12,"column":0},"end":{"line":32,"column":null}},"7":{"start":{"line":18,"column":4},"end":{"line":21,"column":7}},"8":{"start":{"line":15,"column":12},"end":{"line":15,"column":29}},"9":{"start":{"line":16,"column":12},"end":{"line":16,"column":27}},"10":{"start":{"line":25,"column":22},"end":{"line":25,"column":29}},"11":{"start":{"line":26,"column":23},"end":{"line":26,"column":68}},"12":{"start":{"line":27,"column":4},"end":{"line":29,"column":null}},"13":{"start":{"line":28,"column":6},"end":{"line":28,"column":40}},"14":{"start":{"line":30,"column":4},"end":{"line":30,"column":16}},"15":{"start":{"line":12,"column":13},"end":{"line":32,"column":null}},"16":{"start":{"line":12,"column":13},"end":{"line":12,"column":24}}},"fnMap":{"0":{"name":"(anonymous_4)","decl":{"start":{"line":13,"column":2},"end":{"line":13,"column":null}},"loc":{"start":{"line":16,"column":40},"end":{"line":22,"column":3}}},"1":{"name":"(anonymous_5)","decl":{"start":{"line":24,"column":2},"end":{"line":24,"column":7}},"loc":{"start":{"line":24,"column":36},"end":{"line":31,"column":3}}}},"branchMap":{"0":{"loc":{"start":{"line":27,"column":4},"end":{"line":29,"column":null}},"type":"if","locations":[{"start":{"line":27,"column":4},"end":{"line":29,"column":null}}]}},"s":{"0":0,"1":0,"2":0,"3":0,"4":0,"5":0,"6":0,"7":0,"8":0,"9":0,"10":0,"11":0,"12":0,"13":0,"14":0,"15":0,"16":0},"f":{"0":0,"1":0},"b":{"0":[0]}}
,"/home/daniel/Documents/projet_pers/projetFinM2/Master-sEndProject-BackEnd/apps/api/src/auth/user.controller.ts": {"path":"/home/daniel/Documents/projet_pers/projetFinM2/Master-sEndProject-BackEnd/apps/api/src/auth/user.controller.ts","statementMap":{"0":{"start":{"line":1,"column":0},"end":{"line":1,"column":66}},"1":{"start":{"line":2,"column":0},"end":{"line":2,"column":70}},"2":{"start":{"line":3,"column":0},"end":{"line":3,"column":71}},"3":{"start":{"line":4,"column":0},"end":{"line":4,"column":55}},"4":{"start":{"line":5,"column":0},"end":{"line":5,"column":45}},"5":{"start":{"line":7,"column":0},"end":{"line":7,"column":47}},"6":{"start":{"line":8,"column":0},"end":{"line":8,"column":79}},"7":{"start":{"line":14,"column":12},"end":{"line":14,"column":36}},"8":{"start":{"line":15,"column":12},"end":{"line":15,"column":42}},"9":{"start":{"line":11,"column":10},"end":{"line":11,"column":38}},"10":{"start":{"line":25,"column":20},"end":{"line":25,"column":59}},"11":{"start":{"line":26,"column":4},"end":{"line":33,"column":null}},"12":{"start":{"line":27,"column":6},"end":{"line":27,"column":73}},"13":{"start":{"line":28,"column":6},"end":{"line":28,"column":50}},"14":{"start":{"line":30,"column":6},"end":{"line":32,"column":null}},"15":{"start":{"line":31,"column":8},"end":{"line":31,"column":52}},"16":{"start":{"line":39,"column":20},"end":{"line":39,"column":59}},"17":{"start":{"line":40,"column":4},"end":{"line":47,"column":null}},"18":{"start":{"line":41,"column":6},"end":{"line":41,"column":73}},"19":{"start":{"line":42,"column":6},"end":{"line":42,"column":46}},"20":{"start":{"line":44,"column":6},"end":{"line":46,"column":null}},"21":{"start":{"line":45,"column":8},"end":{"line":45,"column":52}},"22":{"start":{"line":21,"column":2},"end":{"line":34,"column":null}},"23":{"start":{"line":38,"column":2},"end":{"line":48,"column":null}},"24":{"start":{"line":10,"column":0},"end":{"line":10,"column":13}}},"fnMap":{"0":{"name":"(anonymous_4)","decl":{"start":{"line":13,"column":2},"end":{"line":13,"column":null}},"loc":{"start":{"line":15,"column":42},"end":{"line":16,"column":6}}},"1":{"name":"(anonymous_5)","decl":{"start":{"line":21,"column":2},"end":{"line":21,"column":10}},"loc":{"start":{"line":23,"column":25},"end":{"line":34,"column":3}}},"2":{"name":"(anonymous_6)","decl":{"start":{"line":38,"column":2},"end":{"line":38,"column":13}},"loc":{"start":{"line":38,"column":60},"end":{"line":48,"column":3}}}},"branchMap":{"0":{"loc":{"start":{"line":30,"column":6},"end":{"line":32,"column":null}},"type":"if","locations":[{"start":{"line":30,"column":6},"end":{"line":32,"column":null}}]},"1":{"loc":{"start":{"line":44,"column":6},"end":{"line":46,"column":null}},"type":"if","locations":[{"start":{"line":44,"column":6},"end":{"line":46,"column":null}}]}},"s":{"0":0,"1":0,"2":0,"3":0,"4":0,"5":0,"6":0,"7":0,"8":0,"9":0,"10":0,"11":0,"12":0,"13":0,"14":0,"15":0,"16":0,"17":0,"18":0,"19":0,"20":0,"21":0,"22":0,"23":0,"24":0},"f":{"0":0,"1":0,"2":0},"b":{"0":[0],"1":[0]}}
,"/home/daniel/Documents/projet_pers/projetFinM2/Master-sEndProject-BackEnd/apps/api/src/auth/user.entity.ts": {"path":"/home/daniel/Documents/projet_pers/projetFinM2/Master-sEndProject-BackEnd/apps/api/src/auth/user.entity.ts","statementMap":{"0":{"start":{"line":1,"column":0},"end":{"line":1,"column":54}},"1":{"start":{"line":2,"column":0},"end":{"line":2,"column":63}},"2":{"start":{"line":3,"column":0},"end":{"line":3,"column":75}},"3":{"start":{"line":4,"column":0},"end":{"line":4,"column":62}},"4":{"start":{"line":5,"column":0},"end":{"line":5,"column":96}},"5":{"start":{"line":6,"column":0},"end":{"line":6,"column":73}},"6":{"start":{"line":7,"column":0},"end":{"line":7,"column":44}},"7":{"start":{"line":8,"column":0},"end":{"line":8,"column":52}},"8":{"start":{"line":10,"column":0},"end":{"line":10,"column":76}},"9":{"start":{"line":13,"column":0},"end":{"line":87,"column":null}},"10":{"start":{"line":15,"column":2},"end":{"line":15,"column":null}},"11":{"start":{"line":18,"column":2},"end":{"line":18,"column":null}},"12":{"start":{"line":21,"column":2},"end":{"line":21,"column":null}},"13":{"start":{"line":24,"column":2},"end":{"line":24,"column":null}},"14":{"start":{"line":31,"column":2},"end":{"line":31,"column":null}},"15":{"start":{"line":38,"column":2},"end":{"line":38,"column":null}},"16":{"start":{"line":41,"column":2},"end":{"line":41,"column":null}},"17":{"start":{"line":44,"column":2},"end":{"line":44,"column":null}},"18":{"start":{"line":47,"column":2},"end":{"line":47,"column":null}},"19":{"start":{"line":50,"column":2},"end":{"line":50,"column":null}},"20":{"start":{"line":53,"column":2},"end":{"line":53,"column":null}},"21":{"start":{"line":56,"column":2},"end":{"line":56,"column":null}},"22":{"start":{"line":59,"column":2},"end":{"line":59,"column":null}},"23":{"start":{"line":58,"column":24},"end":{"line":58,"column":31}},"24":{"start":{"line":58,"column":46},"end":{"line":58,"column":58}},"25":{"start":{"line":67,"column":2},"end":{"line":67,"column":null}},"26":{"start":{"line":62,"column":15},"end":{"line":62,"column":29}},"27":{"start":{"line":63,"column":24},"end":{"line":63,"column":43}},"28":{"start":{"line":73,"column":2},"end":{"line":73,"column":null}},"29":{"start":{"line":69,"column":24},"end":{"line":69,"column":34}},"30":{"start":{"line":69,"column":52},"end":{"line":69,"column":72}},"31":{"start":{"line":79,"column":2},"end":{"line":79,"column":null}},"32":{"start":{"line":75,"column":24},"end":{"line":75,"column":37}},"33":{"start":{"line":75,"column":58},"end":{"line":75,"column":76}},"34":{"start":{"line":86,"column":2},"end":{"line":86,"column":null}},"35":{"start":{"line":82,"column":10},"end":{"line":82,"column":31}},"36":{"start":{"line":83,"column":31},"end":{"line":83,"column":57}},"37":{"start":{"line":13,"column":13},"end":{"line":87,"column":null}},"38":{"start":{"line":13,"column":13},"end":{"line":13,"column":17}}},"fnMap":{"0":{"name":"(anonymous_2)","decl":{"start":{"line":58,"column":13},"end":{"line":58,"column":14}},"loc":{"start":{"line":58,"column":24},"end":{"line":58,"column":31}}},"1":{"name":"(anonymous_3)","decl":{"start":{"line":58,"column":33},"end":{"line":58,"column":34}},"loc":{"start":{"line":58,"column":46},"end":{"line":58,"column":58}}},"2":{"name":"(anonymous_4)","decl":{"start":{"line":62,"column":4},"end":{"line":62,"column":5}},"loc":{"start":{"line":62,"column":15},"end":{"line":62,"column":29}}},"3":{"name":"(anonymous_5)","decl":{"start":{"line":63,"column":4},"end":{"line":63,"column":5}},"loc":{"start":{"line":63,"column":24},"end":{"line":63,"column":43}}},"4":{"name":"(anonymous_6)","decl":{"start":{"line":69,"column":13},"end":{"line":69,"column":14}},"loc":{"start":{"line":69,"column":24},"end":{"line":69,"column":34}}},"5":{"name":"(anonymous_7)","decl":{"start":{"line":69,"column":36},"end":{"line":69,"column":37}},"loc":{"start":{"line":69,"column":52},"end":{"line":69,"column":72}}},"6":{"name":"(anonymous_8)","decl":{"start":{"line":75,"column":13},"end":{"line":75,"column":14}},"loc":{"start":{"line":75,"column":24},"end":{"line":75,"column":37}}},"7":{"name":"(anonymous_9)","decl":{"start":{"line":75,"column":39},"end":{"line":75,"column":40}},"loc":{"start":{"line":75,"column":58},"end":{"line":75,"column":76}}},"8":{"name":"(anonymous_10)","decl":{"start":{"line":82,"column":4},"end":{"line":82,"column":7}},"loc":{"start":{"line":82,"column":10},"end":{"line":82,"column":31}}},"9":{"name":"(anonymous_11)","decl":{"start":{"line":83,"column":4},"end":{"line":83,"column":5}},"loc":{"start":{"line":83,"column":31},"end":{"line":83,"column":57}}}},"branchMap":{},"s":{"0":0,"1":0,"2":0,"3":0,"4":0,"5":0,"6":0,"7":0,"8":0,"9":0,"10":0,"11":0,"12":0,"13":0,"14":0,"15":0,"16":0,"17":0,"18":0,"19":0,"20":0,"21":0,"22":0,"23":0,"24":0,"25":0,"26":0,"27":0,"28":0,"29":0,"30":0,"31":0,"32":0,"33":0,"34":0,"35":0,"36":0,"37":0,"38":0},"f":{"0":0,"1":0,"2":0,"3":0,"4":0,"5":0,"6":0,"7":0,"8":0,"9":0},"b":{}}
,"/home/daniel/Documents/projet_pers/projetFinM2/Master-sEndProject-BackEnd/apps/api/src/auth/user.service.ts": {"path":"/home/daniel/Documents/projet_pers/projetFinM2/Master-sEndProject-BackEnd/apps/api/src/auth/user.service.ts","statementMap":{"0":{"start":{"line":1,"column":0},"end":{"line":1,"column":71}},"1":{"start":{"line":3,"column":0},"end":{"line":3,"column":61}},"2":{"start":{"line":4,"column":0},"end":{"line":4,"column":56}},"3":{"start":{"line":5,"column":0},"end":{"line":5,"column":51}},"4":{"start":{"line":7,"column":0},"end":{"line":26,"column":null}},"5":{"start":{"line":10,"column":12},"end":{"line":10,"column":28}},"6":{"start":{"line":15,"column":4},"end":{"line":15,"column":51}},"7":{"start":{"line":19,"column":18},"end":{"line":19,"column":70}},"8":{"start":{"line":21,"column":4},"end":{"line":23,"column":null}},"9":{"start":{"line":22,"column":6},"end":{"line":22,"column":71}},"10":{"start":{"line":24,"column":4},"end":{"line":24,"column":17}},"11":{"start":{"line":14,"column":2},"end":{"line":16,"column":null}},"12":{"start":{"line":7,"column":13},"end":{"line":26,"column":null}},"13":{"start":{"line":7,"column":13},"end":{"line":7,"column":24}}},"fnMap":{"0":{"name":"(anonymous_4)","decl":{"start":{"line":8,"column":2},"end":{"line":8,"column":null}},"loc":{"start":{"line":10,"column":43},"end":{"line":11,"column":6}}},"1":{"name":"(anonymous_5)","decl":{"start":{"line":14,"column":2},"end":{"line":14,"column":10}},"loc":{"start":{"line":14,"column":40},"end":{"line":16,"column":3}}},"2":{"name":"(anonymous_6)","decl":{"start":{"line":18,"column":2},"end":{"line":18,"column":7}},"loc":{"start":{"line":18,"column":30},"end":{"line":25,"column":3}}}},"branchMap":{"0":{"loc":{"start":{"line":21,"column":4},"end":{"line":23,"column":null}},"type":"if","locations":[{"start":{"line":21,"column":4},"end":{"line":23,"column":null}}]}},"s":{"0":0,"1":0,"2":0,"3":0,"4":0,"5":0,"6":0,"7":0,"8":0,"9":0,"10":0,"11":0,"12":0,"13":0},"f":{"0":0,"1":0,"2":0},"b":{"0":[0]}}
,"/home/daniel/Documents/projet_pers/projetFinM2/Master-sEndProject-BackEnd/apps/api/src/auth/users.repository.ts": {"path":"/home/daniel/Documents/projet_pers/projetFinM2/Master-sEndProject-BackEnd/apps/api/src/auth/users.repository.ts","statementMap":{"0":{"start":{"line":2,"column":0},"end":{"line":2,"column":null}},"1":{"start":{"line":7,"column":0},"end":{"line":7,"column":33}},"2":{"start":{"line":8,"column":0},"end":{"line":8,"column":55}},"3":{"start":{"line":11,"column":0},"end":{"line":11,"column":37}},"4":{"start":{"line":14,"column":0},"end":{"line":49,"column":null}},"5":{"start":{"line":16,"column":59},"end":{"line":16,"column":77}},"6":{"start":{"line":17,"column":19},"end":{"line":17,"column":48}},"7":{"start":{"line":18,"column":4},"end":{"line":18,"column":51}},"8":{"start":{"line":19,"column":4},"end":{"line":19,"column":36}},"9":{"start":{"line":22,"column":17},"end":{"line":22,"column":39}},"10":{"start":{"line":23,"column":27},"end":{"line":23,"column":60}},"11":{"start":{"line":25,"column":17},"end":{"line":31,"column":6}},"12":{"start":{"line":32,"column":4},"end":{"line":41,"column":null}},"13":{"start":{"line":33,"column":6},"end":{"line":33,"column":28}},"14":{"start":{"line":35,"column":6},"end":{"line":40,"column":null}},"15":{"start":{"line":37,"column":8},"end":{"line":37,"column":60}},"16":{"start":{"line":39,"column":8},"end":{"line":39,"column":49}},"17":{"start":{"line":45,"column":18},"end":{"line":45,"column":49}},"18":{"start":{"line":47,"column":4},"end":{"line":47,"column":27}},"19":{"start":{"line":14,"column":13},"end":{"line":49,"column":null}},"20":{"start":{"line":14,"column":13},"end":{"line":14,"column":28}}},"fnMap":{"0":{"name":"(anonymous_1)","decl":{"start":{"line":15,"column":2},"end":{"line":15,"column":7}},"loc":{"start":{"line":15,"column":57},"end":{"line":42,"column":3}}},"1":{"name":"(anonymous_2)","decl":{"start":{"line":44,"column":2},"end":{"line":44,"column":7}},"loc":{"start":{"line":44,"column":58},"end":{"line":48,"column":3}}}},"branchMap":{"0":{"loc":{"start":{"line":35,"column":6},"end":{"line":40,"column":null}},"type":"if","locations":[{"start":{"line":35,"column":6},"end":{"line":40,"column":null}},{"start":{"line":38,"column":13},"end":{"line":40,"column":null}}]}},"s":{"0":0,"1":0,"2":0,"3":0,"4":0,"5":0,"6":0,"7":0,"8":0,"9":0,"10":0,"11":0,"12":0,"13":0,"14":0,"15":0,"16":0,"17":0,"18":0,"19":0,"20":0},"f":{"0":0,"1":0},"b":{"0":[0,0]}}
,"/home/daniel/Documents/projet_pers/projetFinM2/Master-sEndProject-BackEnd/apps/api/src/auth/dto/auth-credentials.dto.ts": {"path":"/home/daniel/Documents/projet_pers/projetFinM2/Master-sEndProject-BackEnd/apps/api/src/auth/dto/auth-credentials.dto.ts","statementMap":{"0":{"start":{"line":1,"column":0},"end":{"line":1,"column":null}},"1":{"start":{"line":11,"column":0},"end":{"line":11,"column":54}},"2":{"start":{"line":15,"column":2},"end":{"line":15,"column":null}},"3":{"start":{"line":18,"column":2},"end":{"line":18,"column":null}},"4":{"start":{"line":22,"column":2},"end":{"line":22,"column":null}},"5":{"start":{"line":25,"column":2},"end":{"line":25,"column":null}},"6":{"start":{"line":33,"column":2},"end":{"line":33,"column":null}},"7":{"start":{"line":13,"column":0},"end":{"line":13,"column":13}}},"fnMap":{},"branchMap":{},"s":{"0":0,"1":0,"2":0,"3":0,"4":0,"5":0,"6":0,"7":0},"f":{},"b":{}}
,"/home/daniel/Documents/projet_pers/projetFinM2/Master-sEndProject-BackEnd/apps/api/src/auth/dto/create-user.dto.ts": {"path":"/home/daniel/Documents/projet_pers/projetFinM2/Master-sEndProject-BackEnd/apps/api/src/auth/dto/create-user.dto.ts","statementMap":{"0":{"start":{"line":1,"column":0},"end":{"line":1,"column":null}},"1":{"start":{"line":11,"column":0},"end":{"line":11,"column":79}},"2":{"start":{"line":15,"column":2},"end":{"line":15,"column":null}},"3":{"start":{"line":18,"column":2},"end":{"line":18,"column":null}},"4":{"start":{"line":22,"column":2},"end":{"line":22,"column":null}},"5":{"start":{"line":25,"column":2},"end":{"line":25,"column":null}},"6":{"start":{"line":33,"column":2},"end":{"line":33,"column":null}},"7":{"start":{"line":37,"column":2},"end":{"line":37,"column":null}},"8":{"start":{"line":13,"column":0},"end":{"line":13,"column":13}}},"fnMap":{},"branchMap":{},"s":{"0":0,"1":0,"2":0,"3":0,"4":0,"5":0,"6":0,"7":0,"8":0},"f":{},"b":{}}
,"/home/daniel/Documents/projet_pers/projetFinM2/Master-sEndProject-BackEnd/apps/api/src/auth/dto/get-users-fliter.dto.ts": {"path":"/home/daniel/Documents/projet_pers/projetFinM2/Master-sEndProject-BackEnd/apps/api/src/auth/dto/get-users-fliter.dto.ts","statementMap":{"0":{"start":{"line":1,"column":0},"end":{"line":1,"column":63}},"1":{"start":{"line":3,"column":0},"end":{"line":3,"column":79}},"2":{"start":{"line":8,"column":2},"end":{"line":8,"column":null}},"3":{"start":{"line":12,"column":2},"end":{"line":12,"column":null}},"4":{"start":{"line":16,"column":2},"end":{"line":16,"column":null}},"5":{"start":{"line":5,"column":0},"end":{"line":5,"column":13}}},"fnMap":{},"branchMap":{},"s":{"0":0,"1":0,"2":0,"3":0,"4":0,"5":0},"f":{},"b":{}}
,"/home/daniel/Documents/projet_pers/projetFinM2/Master-sEndProject-BackEnd/apps/api/src/auth/dto/login-user.dto.ts": {"path":"/home/daniel/Documents/projet_pers/projetFinM2/Master-sEndProject-BackEnd/apps/api/src/auth/dto/login-user.dto.ts","statementMap":{"0":{"start":{"line":1,"column":0},"end":{"line":1,"column":null}},"1":{"start":{"line":11,"column":2},"end":{"line":11,"column":null}},"2":{"start":{"line":19,"column":2},"end":{"line":19,"column":null}},"3":{"start":{"line":9,"column":0},"end":{"line":9,"column":13}}},"fnMap":{},"branchMap":{},"s":{"0":0,"1":0,"2":0,"3":0},"f":{},"b":{}}
,"/home/daniel/Documents/projet_pers/projetFinM2/Master-sEndProject-BackEnd/apps/api/src/auth/dto/update-user.dto.ts": {"path":"/home/daniel/Documents/projet_pers/projetFinM2/Master-sEndProject-BackEnd/apps/api/src/auth/dto/update-user.dto.ts","statementMap":{"0":{"start":{"line":1,"column":0},"end":{"line":1,"column":41}},"1":{"start":{"line":2,"column":0},"end":{"line":2,"column":null}},"2":{"start":{"line":10,"column":0},"end":{"line":10,"column":79}},"3":{"start":{"line":16,"column":2},"end":{"line":16,"column":null}},"4":{"start":{"line":21,"column":2},"end":{"line":21,"column":null}},"5":{"start":{"line":24,"column":2},"end":{"line":24,"column":null}},"6":{"start":{"line":27,"column":2},"end":{"line":27,"column":null}},"7":{"start":{"line":31,"column":2},"end":{"line":31,"column":null}},"8":{"start":{"line":34,"column":2},"end":{"line":34,"column":null}},"9":{"start":{"line":38,"column":2},"end":{"line":38,"column":null}},"10":{"start":{"line":36,"column":14},"end":{"line":36,"column":18}},"11":{"start":{"line":42,"column":2},"end":{"line":42,"column":null}},"12":{"start":{"line":40,"column":14},"end":{"line":40,"column":18}},"13":{"start":{"line":46,"column":2},"end":{"line":46,"column":null}},"14":{"start":{"line":44,"column":14},"end":{"line":44,"column":18}},"15":{"start":{"line":12,"column":0},"end":{"line":12,"column":13}}},"fnMap":{"0":{"name":"(anonymous_2)","decl":{"start":{"line":36,"column":8},"end":{"line":36,"column":11}},"loc":{"start":{"line":36,"column":14},"end":{"line":36,"column":18}}},"1":{"name":"(anonymous_3)","decl":{"start":{"line":40,"column":8},"end":{"line":40,"column":11}},"loc":{"start":{"line":40,"column":14},"end":{"line":40,"column":18}}},"2":{"name":"(anonymous_4)","decl":{"start":{"line":44,"column":8},"end":{"line":44,"column":11}},"loc":{"start":{"line":44,"column":14},"end":{"line":44,"column":18}}}},"branchMap":{},"s":{"0":0,"1":0,"2":0,"3":0,"4":0,"5":0,"6":0,"7":0,"8":0,"9":0,"10":0,"11":0,"12":0,"13":0,"14":0,"15":0},"f":{"0":0,"1":0,"2":0},"b":{}}
,"/home/daniel/Documents/projet_pers/projetFinM2/Master-sEndProject-BackEnd/apps/api/src/company/company.controller.ts": {"path":"/home/daniel/Documents/projet_pers/projetFinM2/Master-sEndProject-BackEnd/apps/api/src/company/company.controller.ts","statementMap":{"0":{"start":{"line":1,"column":0},"end":{"line":1,"column":66}},"1":{"start":{"line":2,"column":0},"end":{"line":2,"column":70}},"2":{"start":{"line":3,"column":0},"end":{"line":3,"column":55}},"3":{"start":{"line":4,"column":0},"end":{"line":4,"column":45}},"4":{"start":{"line":6,"column":0},"end":{"line":6,"column":62}},"5":{"start":{"line":7,"column":0},"end":{"line":7,"column":71}},"6":{"start":{"line":8,"column":0},"end":{"line":8,"column":82}},"7":{"start":{"line":9,"column":0},"end":{"line":9,"column":97}},"8":{"start":{"line":10,"column":0},"end":{"line":10,"column":71}},"9":{"start":{"line":11,"column":0},"end":{"line":11,"column":104}},"10":{"start":{"line":12,"column":0},"end":{"line":12,"column":47}},"11":{"start":{"line":13,"column":0},"end":{"line":13,"column":null}},"12":{"start":{"line":25,"column":0},"end":{"line":25,"column":45}},"13":{"start":{"line":30,"column":0},"end":{"line":209,"column":null}},"14":{"start":{"line":37,"column":12},"end":{"line":37,"column":28}},"15":{"start":{"line":38,"column":12},"end":{"line":38,"column":28}},"16":{"start":{"line":39,"column":12},"end":{"line":39,"column":42}},"17":{"start":{"line":31,"column":10},"end":{"line":31,"column":51}},"18":{"start":{"line":49,"column":20},"end":{"line":49,"column":59}},"19":{"start":{"line":50,"column":4},"end":{"line":57,"column":null}},"20":{"start":{"line":51,"column":6},"end":{"line":51,"column":73}},"21":{"start":{"line":52,"column":6},"end":{"line":52,"column":57}},"22":{"start":{"line":54,"column":6},"end":{"line":56,"column":null}},"23":{"start":{"line":55,"column":8},"end":{"line":55,"column":52}},"24":{"start":{"line":71,"column":6},"end":{"line":71,"column":76}},"25":{"start":{"line":72,"column":4},"end":{"line":74,"column":null}},"26":{"start":{"line":73,"column":6},"end":{"line":73,"column":16}},"27":{"start":{"line":76,"column":22},"end":{"line":76,"column":71}},"28":{"start":{"line":78,"column":16},"end":{"line":82,"column":6}},"29":{"start":{"line":79,"column":6},"end":{"line":81,"column":9}},"30":{"start":{"line":80,"column":8},"end":{"line":80,"column":57}},"31":{"start":{"line":86,"column":4},"end":{"line":90,"column":6}},"32":{"start":{"line":91,"column":4},"end":{"line":91,"column":15}},"33":{"start":{"line":101,"column":4},"end":{"line":101,"column":61}},"34":{"start":{"line":111,"column":4},"end":{"line":111,"column":57}},"35":{"start":{"line":112,"column":20},"end":{"line":112,"column":59}},"36":{"start":{"line":113,"column":4},"end":{"line":120,"column":null}},"37":{"start":{"line":114,"column":6},"end":{"line":114,"column":69}},"38":{"start":{"line":115,"column":6},"end":{"line":115,"column":58}},"39":{"start":{"line":117,"column":6},"end":{"line":119,"column":null}},"40":{"start":{"line":118,"column":8},"end":{"line":118,"column":52}},"41":{"start":{"line":133,"column":20},"end":{"line":133,"column":59}},"42":{"start":{"line":134,"column":4},"end":{"line":145,"column":null}},"43":{"start":{"line":135,"column":6},"end":{"line":138,"column":8}},"44":{"start":{"line":140,"column":6},"end":{"line":140,"column":72}},"45":{"start":{"line":142,"column":6},"end":{"line":144,"column":null}},"46":{"start":{"line":143,"column":8},"end":{"line":143,"column":52}},"47":{"start":{"line":155,"column":20},"end":{"line":155,"column":59}},"48":{"start":{"line":157,"column":4},"end":{"line":164,"column":null}},"49":{"start":{"line":158,"column":6},"end":{"line":158,"column":71}},"50":{"start":{"line":159,"column":6},"end":{"line":159,"column":71}},"51":{"start":{"line":161,"column":6},"end":{"line":163,"column":null}},"52":{"start":{"line":162,"column":8},"end":{"line":162,"column":52}},"53":{"start":{"line":175,"column":20},"end":{"line":175,"column":59}},"54":{"start":{"line":176,"column":4},"end":{"line":183,"column":null}},"55":{"start":{"line":177,"column":6},"end":{"line":177,"column":71}},"56":{"start":{"line":178,"column":6},"end":{"line":178,"column":75}},"57":{"start":{"line":180,"column":6},"end":{"line":182,"column":null}},"58":{"start":{"line":181,"column":8},"end":{"line":181,"column":52}},"59":{"start":{"line":194,"column":20},"end":{"line":194,"column":59}},"60":{"start":{"line":195,"column":4},"end":{"line":207,"column":null}},"61":{"start":{"line":196,"column":6},"end":{"line":196,"column":71}},"62":{"start":{"line":197,"column":31},"end":{"line":197,"column":59}},"63":{"start":{"line":198,"column":6},"end":{"line":202,"column":8}},"64":{"start":{"line":204,"column":6},"end":{"line":206,"column":null}},"65":{"start":{"line":205,"column":8},"end":{"line":205,"column":52}},"66":{"start":{"line":45,"column":2},"end":{"line":58,"column":null}},"67":{"start":{"line":66,"column":2},"end":{"line":92,"column":null}},"68":{"start":{"line":97,"column":2},"end":{"line":102,"column":null}},"69":{"start":{"line":107,"column":2},"end":{"line":121,"column":null}},"70":{"start":{"line":129,"column":2},"end":{"line":146,"column":null}},"71":{"start":{"line":151,"column":2},"end":{"line":165,"column":null}},"72":{"start":{"line":170,"column":2},"end":{"line":184,"column":null}},"73":{"start":{"line":189,"column":2},"end":{"line":208,"column":null}},"74":{"start":{"line":30,"column":13},"end":{"line":209,"column":null}},"75":{"start":{"line":30,"column":13},"end":{"line":30,"column":30}}},"fnMap":{"0":{"name":"(anonymous_4)","decl":{"start":{"line":36,"column":2},"end":{"line":36,"column":null}},"loc":{"start":{"line":39,"column":70},"end":{"line":40,"column":6}}},"1":{"name":"(anonymous_5)","decl":{"start":{"line":45,"column":2},"end":{"line":45,"column":14}},"loc":{"start":{"line":47,"column":25},"end":{"line":58,"column":3}}},"2":{"name":"(anonymous_6)","decl":{"start":{"line":66,"column":2},"end":{"line":66,"column":7}},"loc":{"start":{"line":68,"column":25},"end":{"line":92,"column":3}}},"3":{"name":"(anonymous_7)","decl":{"start":{"line":78,"column":33},"end":{"line":78,"column":34}},"loc":{"start":{"line":78,"column":57},"end":{"line":82,"column":5}}},"4":{"name":"(anonymous_8)","decl":{"start":{"line":79,"column":49},"end":{"line":79,"column":50}},"loc":{"start":{"line":79,"column":58},"end":{"line":81,"column":7}}},"5":{"name":"(anonymous_9)","decl":{"start":{"line":97,"column":2},"end":{"line":97,"column":38}},"loc":{"start":{"line":99,"column":25},"end":{"line":102,"column":3}}},"6":{"name":"(anonymous_10)","decl":{"start":{"line":107,"column":2},"end":{"line":107,"column":16}},"loc":{"start":{"line":109,"column":25},"end":{"line":121,"column":3}}},"7":{"name":"(anonymous_11)","decl":{"start":{"line":129,"column":2},"end":{"line":129,"column":36}},"loc":{"start":{"line":131,"column":25},"end":{"line":146,"column":3}}},"8":{"name":"(anonymous_12)","decl":{"start":{"line":151,"column":2},"end":{"line":151,"column":15}},"loc":{"start":{"line":153,"column":25},"end":{"line":165,"column":3}}},"9":{"name":"(anonymous_13)","decl":{"start":{"line":170,"column":2},"end":{"line":170,"column":15}},"loc":{"start":{"line":173,"column":46},"end":{"line":184,"column":3}}},"10":{"name":"(anonymous_14)","decl":{"start":{"line":189,"column":2},"end":{"line":189,"column":27}},"loc":{"start":{"line":192,"column":70},"end":{"line":208,"column":3}}}},"branchMap":{"0":{"loc":{"start":{"line":54,"column":6},"end":{"line":56,"column":null}},"type":"if","locations":[{"start":{"line":54,"column":6},"end":{"line":56,"column":null}}]},"1":{"loc":{"start":{"line":72,"column":4},"end":{"line":74,"column":null}},"type":"if","locations":[{"start":{"line":72,"column":4},"end":{"line":74,"column":null}}]},"2":{"loc":{"start":{"line":117,"column":6},"end":{"line":119,"column":null}},"type":"if","locations":[{"start":{"line":117,"column":6},"end":{"line":119,"column":null}}]},"3":{"loc":{"start":{"line":142,"column":6},"end":{"line":144,"column":null}},"type":"if","locations":[{"start":{"line":142,"column":6},"end":{"line":144,"column":null}}]},"4":{"loc":{"start":{"line":161,"column":6},"end":{"line":163,"column":null}},"type":"if","locations":[{"start":{"line":161,"column":6},"end":{"line":163,"column":null}}]},"5":{"loc":{"start":{"line":180,"column":6},"end":{"line":182,"column":null}},"type":"if","locations":[{"start":{"line":180,"column":6},"end":{"line":182,"column":null}}]},"6":{"loc":{"start":{"line":204,"column":6},"end":{"line":206,"column":null}},"type":"if","locations":[{"start":{"line":204,"column":6},"end":{"line":206,"column":null}}]}},"s":{"0":0,"1":0,"2":0,"3":0,"4":0,"5":0,"6":0,"7":0,"8":0,"9":0,"10":0,"11":0,"12":0,"13":0,"14":0,"15":0,"16":0,"17":0,"18":0,"19":0,"20":0,"21":0,"22":0,"23":0,"24":0,"25":0,"26":0,"27":0,"28":0,"29":0,"30":0,"31":0,"32":0,"33":0,"34":0,"35":0,"36":0,"37":0,"38":0,"39":0,"40":0,"41":0,"42":0,"43":0,"44":0,"45":0,"46":0,"47":0,"48":0,"49":0,"50":0,"51":0,"52":0,"53":0,"54":0,"55":0,"56":0,"57":0,"58":0,"59":0,"60":0,"61":0,"62":0,"63":0,"64":0,"65":0,"66":0,"67":0,"68":0,"69":0,"70":0,"71":0,"72":0,"73":0,"74":0,"75":0},"f":{"0":0,"1":0,"2":0,"3":0,"4":0,"5":0,"6":0,"7":0,"8":0,"9":0,"10":0},"b":{"0":[0],"1":[0],"2":[0],"3":[0],"4":[0],"5":[0],"6":[0]}}
,"/home/daniel/Documents/projet_pers/projetFinM2/Master-sEndProject-BackEnd/apps/api/src/company/company.entity.ts": {"path":"/home/daniel/Documents/projet_pers/projetFinM2/Master-sEndProject-BackEnd/apps/api/src/company/company.entity.ts","statementMap":{"0":{"start":{"line":1,"column":0},"end":{"line":1,"column":45}},"1":{"start":{"line":2,"column":0},"end":{"line":2,"column":63}},"2":{"start":{"line":3,"column":0},"end":{"line":3,"column":62}},"3":{"start":{"line":4,"column":0},"end":{"line":4,"column":96}},"4":{"start":{"line":5,"column":0},"end":{"line":5,"column":44}},"5":{"start":{"line":6,"column":0},"end":{"line":6,"column":71}},"6":{"start":{"line":8,"column":0},"end":{"line":8,"column":null}},"7":{"start":{"line":16,"column":0},"end":{"line":73,"column":null}},"8":{"start":{"line":18,"column":2},"end":{"line":18,"column":null}},"9":{"start":{"line":25,"column":2},"end":{"line":25,"column":null}},"10":{"start":{"line":28,"column":2},"end":{"line":28,"column":null}},"11":{"start":{"line":31,"column":2},"end":{"line":31,"column":null}},"12":{"start":{"line":34,"column":2},"end":{"line":34,"column":null}},"13":{"start":{"line":37,"column":2},"end":{"line":37,"column":null}},"14":{"start":{"line":40,"column":2},"end":{"line":40,"column":null}},"15":{"start":{"line":47,"column":2},"end":{"line":47,"column":null}},"16":{"start":{"line":54,"column":2},"end":{"line":54,"column":null}},"17":{"start":{"line":57,"column":2},"end":{"line":57,"column":null}},"18":{"start":{"line":61,"column":2},"end":{"line":61,"column":null}},"19":{"start":{"line":59,"column":24},"end":{"line":59,"column":28}},"20":{"start":{"line":59,"column":40},"end":{"line":59,"column":54}},"21":{"start":{"line":66,"column":2},"end":{"line":66,"column":null}},"22":{"start":{"line":63,"column":24},"end":{"line":63,"column":34}},"23":{"start":{"line":63,"column":52},"end":{"line":63,"column":70}},"24":{"start":{"line":72,"column":2},"end":{"line":72,"column":null}},"25":{"start":{"line":69,"column":10},"end":{"line":69,"column":31}},"26":{"start":{"line":70,"column":31},"end":{"line":70,"column":60}},"27":{"start":{"line":16,"column":13},"end":{"line":73,"column":null}},"28":{"start":{"line":16,"column":13},"end":{"line":16,"column":20}}},"fnMap":{"0":{"name":"(anonymous_2)","decl":{"start":{"line":59,"column":13},"end":{"line":59,"column":14}},"loc":{"start":{"line":59,"column":24},"end":{"line":59,"column":28}}},"1":{"name":"(anonymous_3)","decl":{"start":{"line":59,"column":30},"end":{"line":59,"column":31}},"loc":{"start":{"line":59,"column":40},"end":{"line":59,"column":54}}},"2":{"name":"(anonymous_4)","decl":{"start":{"line":63,"column":13},"end":{"line":63,"column":14}},"loc":{"start":{"line":63,"column":24},"end":{"line":63,"column":34}}},"3":{"name":"(anonymous_5)","decl":{"start":{"line":63,"column":36},"end":{"line":63,"column":37}},"loc":{"start":{"line":63,"column":52},"end":{"line":63,"column":70}}},"4":{"name":"(anonymous_6)","decl":{"start":{"line":69,"column":4},"end":{"line":69,"column":7}},"loc":{"start":{"line":69,"column":10},"end":{"line":69,"column":31}}},"5":{"name":"(anonymous_7)","decl":{"start":{"line":70,"column":4},"end":{"line":70,"column":5}},"loc":{"start":{"line":70,"column":31},"end":{"line":70,"column":60}}}},"branchMap":{},"s":{"0":0,"1":0,"2":0,"3":0,"4":0,"5":0,"6":0,"7":0,"8":0,"9":0,"10":0,"11":0,"12":0,"13":0,"14":0,"15":0,"16":0,"17":0,"18":0,"19":0,"20":0,"21":0,"22":0,"23":0,"24":0,"25":0,"26":0,"27":0,"28":0},"f":{"0":0,"1":0,"2":0,"3":0,"4":0,"5":0},"b":{}}
,"/home/daniel/Documents/projet_pers/projetFinM2/Master-sEndProject-BackEnd/apps/api/src/company/company.module.ts": {"path":"/home/daniel/Documents/projet_pers/projetFinM2/Master-sEndProject-BackEnd/apps/api/src/company/company.module.ts","statementMap":{"0":{"start":{"line":1,"column":0},"end":{"line":1,"column":60}},"1":{"start":{"line":2,"column":0},"end":{"line":2,"column":51}},"2":{"start":{"line":3,"column":0},"end":{"line":3,"column":68}},"3":{"start":{"line":4,"column":0},"end":{"line":4,"column":110}},"4":{"start":{"line":5,"column":0},"end":{"line":5,"column":104}},"5":{"start":{"line":6,"column":0},"end":{"line":6,"column":40}},"6":{"start":{"line":7,"column":0},"end":{"line":7,"column":48}},"7":{"start":{"line":9,"column":0},"end":{"line":9,"column":57}},"8":{"start":{"line":10,"column":0},"end":{"line":10,"column":51}},"9":{"start":{"line":25,"column":0},"end":{"line":25,"column":null}},"10":{"start":{"line":25,"column":13},"end":{"line":25,"column":null}},"11":{"start":{"line":25,"column":13},"end":{"line":25,"column":26}}},"fnMap":{},"branchMap":{},"s":{"0":0,"1":0,"2":0,"3":0,"4":0,"5":0,"6":0,"7":0,"8":0,"9":0,"10":0,"11":0},"f":{},"b":{}}
,"/home/daniel/Documents/projet_pers/projetFinM2/Master-sEndProject-BackEnd/apps/api/src/company/company.repository.ts": {"path":"/home/daniel/Documents/projet_pers/projetFinM2/Master-sEndProject-BackEnd/apps/api/src/company/company.repository.ts","statementMap":{"0":{"start":{"line":2,"column":0},"end":{"line":2,"column":54}},"1":{"start":{"line":6,"column":0},"end":{"line":6,"column":55}},"2":{"start":{"line":9,"column":0},"end":{"line":80,"column":null}},"3":{"start":{"line":15,"column":37},"end":{"line":15,"column":46}},"4":{"start":{"line":16,"column":18},"end":{"line":16,"column":52}},"5":{"start":{"line":17,"column":4},"end":{"line":19,"column":null}},"6":{"start":{"line":18,"column":6},"end":{"line":18,"column":28}},"7":{"start":{"line":21,"column":4},"end":{"line":23,"column":null}},"8":{"start":{"line":22,"column":6},"end":{"line":22,"column":79}},"9":{"start":{"line":25,"column":4},"end":{"line":30,"column":null}},"10":{"start":{"line":26,"column":6},"end":{"line":29,"column":8}},"11":{"start":{"line":32,"column":22},"end":{"line":32,"column":43}},"12":{"start":{"line":33,"column":4},"end":{"line":33,"column":21}},"13":{"start":{"line":37,"column":18},"end":{"line":37,"column":52}},"14":{"start":{"line":38,"column":4},"end":{"line":40,"column":null}},"15":{"start":{"line":39,"column":6},"end":{"line":39,"column":60}},"16":{"start":{"line":41,"column":22},"end":{"line":41,"column":43}},"17":{"start":{"line":42,"column":4},"end":{"line":42,"column":21}},"18":{"start":{"line":61,"column":8},"end":{"line":61,"column":24}},"19":{"start":{"line":63,"column":20},"end":{"line":75,"column":6}},"20":{"start":{"line":76,"column":4},"end":{"line":76,"column":29}},"21":{"start":{"line":77,"column":4},"end":{"line":77,"column":19}},"22":{"start":{"line":9,"column":13},"end":{"line":80,"column":null}},"23":{"start":{"line":9,"column":13},"end":{"line":9,"column":30}}},"fnMap":{"0":{"name":"(anonymous_1)","decl":{"start":{"line":11,"column":2},"end":{"line":11,"column":7}},"loc":{"start":{"line":13,"column":15},"end":{"line":34,"column":3}}},"1":{"name":"(anonymous_2)","decl":{"start":{"line":36,"column":2},"end":{"line":36,"column":7}},"loc":{"start":{"line":36,"column":57},"end":{"line":43,"column":3}}},"2":{"name":"(anonymous_3)","decl":{"start":{"line":45,"column":2},"end":{"line":45,"column":7}},"loc":{"start":{"line":47,"column":14},"end":{"line":79,"column":3}}}},"branchMap":{"0":{"loc":{"start":{"line":17,"column":4},"end":{"line":19,"column":null}},"type":"if","locations":[{"start":{"line":17,"column":4},"end":{"line":19,"column":null}}]},"1":{"loc":{"start":{"line":21,"column":4},"end":{"line":23,"column":null}},"type":"if","locations":[{"start":{"line":21,"column":4},"end":{"line":23,"column":null}}]},"2":{"loc":{"start":{"line":25,"column":4},"end":{"line":30,"column":null}},"type":"if","locations":[{"start":{"line":25,"column":4},"end":{"line":30,"column":null}}]},"3":{"loc":{"start":{"line":38,"column":4},"end":{"line":40,"column":null}},"type":"if","locations":[{"start":{"line":38,"column":4},"end":{"line":40,"column":null}}]}},"s":{"0":0,"1":0,"2":0,"3":0,"4":0,"5":0,"6":0,"7":0,"8":0,"9":0,"10":0,"11":0,"12":0,"13":0,"14":0,"15":0,"16":0,"17":0,"18":0,"19":0,"20":0,"21":0,"22":0,"23":0},"f":{"0":0,"1":0,"2":0},"b":{"0":[0],"1":[0],"2":[0],"3":[0]}}
[...]
,"/home/daniel/Documents/projet_pers/projetFinM2/Master-sEndProject-BackEnd/apps/api/src/workerDays/workerDays.controller.ts": {"path":"/home/daniel/Documents/projet_pers/projetFinM2/Master-sEndProject-BackEnd/apps/api/src/workerDays/workerDays.controller.ts","statementMap":{"0":{"start":{"line":1,"column":0},"end":{"line":1,"column":86}},"1":{"start":{"line":2,"column":0},"end":{"line":2,"column":93}},"2":{"start":{"line":3,"column":0},"end":{"line":3,"column":80}},"3":{"start":{"line":4,"column":0},"end":{"line":4,"column":81}},"4":{"start":{"line":6,"column":0},"end":{"line":6,"column":71}},"5":{"start":{"line":7,"column":0},"end":{"line":7,"column":null}},"6":{"start":{"line":19,"column":0},"end":{"line":19,"column":45}},"7":{"start":{"line":23,"column":0},"end":{"line":85,"column":null}},"8":{"start":{"line":26,"column":22},"end":{"line":26,"column":41}},"9":{"start":{"line":24,"column":10},"end":{"line":24,"column":54}},"10":{"start":{"line":33,"column":4},"end":{"line":35,"column":6}},"11":{"start":{"line":36,"column":4},"end":{"line":36,"column":59}},"12":{"start":{"line":44,"column":4},"end":{"line":48,"column":6}},"13":{"start":{"line":49,"column":4},"end":{"line":49,"column":59}},"14":{"start":{"line":54,"column":4},"end":{"line":54,"column":55}},"15":{"start":{"line":61,"column":4},"end":{"line":61,"column":70}},"16":{"start":{"line":66,"column":4},"end":{"line":66,"column":54}},"17":{"start":{"line":74,"column":32},"end":{"line":74,"column":57}},"18":{"start":{"line":75,"column":4},"end":{"line":75,"column":78}},"19":{"start":{"line":83,"column":4},"end":{"line":83,"column":75}},"20":{"start":{"line":30,"column":2},"end":{"line":37,"column":null}},"21":{"start":{"line":41,"column":2},"end":{"line":50,"column":null}},"22":{"start":{"line":53,"column":2},"end":{"line":55,"column":null}},"23":{"start":{"line":58,"column":2},"end":{"line":62,"column":null}},"24":{"start":{"line":65,"column":2},"end":{"line":67,"column":null}},"25":{"start":{"line":70,"column":2},"end":{"line":76,"column":null}},"26":{"start":{"line":79,"column":2},"end":{"line":84,"column":null}},"27":{"start":{"line":23,"column":13},"end":{"line":85,"column":null}},"28":{"start":{"line":23,"column":13},"end":{"line":23,"column":33}}},"fnMap":{"0":{"name":"(anonymous_4)","decl":{"start":{"line":26,"column":2},"end":{"line":26,"column":22}},"loc":{"start":{"line":26,"column":58},"end":{"line":26,"column":62}}},"1":{"name":"(anonymous_5)","decl":{"start":{"line":30,"column":2},"end":{"line":30,"column":15}},"loc":{"start":{"line":31,"column":45},"end":{"line":37,"column":3}}},"2":{"name":"(anonymous_6)","decl":{"start":{"line":41,"column":2},"end":{"line":41,"column":25}},"loc":{"start":{"line":42,"column":45},"end":{"line":50,"column":3}}},"3":{"name":"(anonymous_7)","decl":{"start":{"line":53,"column":2},"end":{"line":53,"column":18}},"loc":{"start":{"line":53,"column":42},"end":{"line":55,"column":3}}},"4":{"name":"(anonymous_8)","decl":{"start":{"line":58,"column":2},"end":{"line":58,"column":20}},"loc":{"start":{"line":59,"column":51},"end":{"line":62,"column":3}}},"5":{"name":"(anonymous_9)","decl":{"start":{"line":65,"column":2},"end":{"line":65,"column":17}},"loc":{"start":{"line":65,"column":41},"end":{"line":67,"column":3}}},"6":{"name":"(anonymous_10)","decl":{"start":{"line":70,"column":2},"end":{"line":70,"column":23}},"loc":{"start":{"line":72,"column":64},"end":{"line":76,"column":3}}},"7":{"name":"(anonymous_11)","decl":{"start":{"line":79,"column":2},"end":{"line":79,"column":17}},"loc":{"start":{"line":81,"column":52},"end":{"line":84,"column":3}}}},"branchMap":{},"s":{"0":0,"1":0,"2":0,"3":0,"4":0,"5":0,"6":0,"7":0,"8":0,"9":0,"10":0,"11":0,"12":0,"13":0,"14":0,"15":0,"16":0,"17":0,"18":0,"19":0,"20":0,"21":0,"22":0,"23":0,"24":0,"25":0,"26":0,"27":0,"28":0},"f":{"0":0,"1":0,"2":0,"3":0,"4":0,"5":0,"6":0,"7":0},"b":{}}
,"/home/daniel/Documents/projet_pers/projetFinM2/Master-sEndProject-BackEnd/apps/api/src/workerDays/workerDays.entity.ts": {"path":"/home/daniel/Documents/projet_pers/projetFinM2/Master-sEndProject-BackEnd/apps/api/src/workerDays/workerDays.entity.ts","statementMap":{"0":{"start":{"line":1,"column":0},"end":{"line":1,"column":62}},"1":{"start":{"line":2,"column":0},"end":{"line":2,"column":73}},"2":{"start":{"line":3,"column":0},"end":{"line":3,"column":52}},"3":{"start":{"line":5,"column":0},"end":{"line":5,"column":74}},"4":{"start":{"line":8,"column":0},"end":{"line":37,"column":null}},"5":{"start":{"line":10,"column":2},"end":{"line":10,"column":null}},"6":{"start":{"line":13,"column":2},"end":{"line":13,"column":null}},"7":{"start":{"line":16,"column":2},"end":{"line":16,"column":null}},"8":{"start":{"line":23,"column":2},"end":{"line":23,"column":null}},"9":{"start":{"line":29,"column":2},"end":{"line":29,"column":null}},"10":{"start":{"line":36,"column":2},"end":{"line":36,"column":null}},"11":{"start":{"line":32,"column":15},"end":{"line":32,"column":28}},"12":{"start":{"line":33,"column":23},"end":{"line":33,"column":47}},"13":{"start":{"line":8,"column":13},"end":{"line":37,"column":null}},"14":{"start":{"line":8,"column":13},"end":{"line":8,"column":23}}},"fnMap":{"0":{"name":"(anonymous_2)","decl":{"start":{"line":32,"column":4},"end":{"line":32,"column":5}},"loc":{"start":{"line":32,"column":15},"end":{"line":32,"column":28}}},"1":{"name":"(anonymous_3)","decl":{"start":{"line":33,"column":4},"end":{"line":33,"column":5}},"loc":{"start":{"line":33,"column":23},"end":{"line":33,"column":47}}}},"branchMap":{},"s":{"0":0,"1":0,"2":0,"3":0,"4":0,"5":0,"6":0,"7":0,"8":0,"9":0,"10":0,"11":0,"12":0,"13":0,"14":0},"f":{"0":0,"1":0},"b":{}}
,"/home/daniel/Documents/projet_pers/projetFinM2/Master-sEndProject-BackEnd/apps/api/src/workerDays/workerDays.module.ts": {"path":"/home/daniel/Documents/projet_pers/projetFinM2/Master-sEndProject-BackEnd/apps/api/src/workerDays/workerDays.module.ts","statementMap":{"0":{"start":{"line":1,"column":0},"end":{"line":1,"column":79}},"1":{"start":{"line":2,"column":0},"end":{"line":2,"column":77}},"2":{"start":{"line":3,"column":0},"end":{"line":3,"column":40}},"3":{"start":{"line":4,"column":0},"end":{"line":4,"column":48}},"4":{"start":{"line":6,"column":0},"end":{"line":6,"column":63}},"5":{"start":{"line":7,"column":0},"end":{"line":7,"column":57}},"6":{"start":{"line":17,"column":0},"end":{"line":17,"column":null}},"7":{"start":{"line":17,"column":13},"end":{"line":17,"column":null}},"8":{"start":{"line":17,"column":13},"end":{"line":17,"column":29}}},"fnMap":{},"branchMap":{},"s":{"0":0,"1":0,"2":0,"3":0,"4":0,"5":0,"6":0,"7":0,"8":0},"f":{},"b":{}}
,"/home/daniel/Documents/projet_pers/projetFinM2/Master-sEndProject-BackEnd/apps/api/src/workerDays/workerDays.repository.ts": {"path":"/home/daniel/Documents/projet_pers/projetFinM2/Master-sEndProject-BackEnd/apps/api/src/workerDays/workerDays.repository.ts","statementMap":{"0":{"start":{"line":4,"column":0},"end":{"line":4,"column":63}},"1":{"start":{"line":5,"column":0},"end":{"line":5,"column":55}},"2":{"start":{"line":8,"column":0},"end":{"line":64,"column":null}},"3":{"start":{"line":11,"column":6},"end":{"line":11,"column":15}},"4":{"start":{"line":13,"column":18},"end":{"line":13,"column":56}},"5":{"start":{"line":16,"column":4},"end":{"line":18,"column":null}},"6":{"start":{"line":17,"column":6},"end":{"line":17,"column":80}},"7":{"start":{"line":20,"column":4},"end":{"line":22,"column":null}},"8":{"start":{"line":21,"column":6},"end":{"line":21,"column":74}},"9":{"start":{"line":24,"column":4},"end":{"line":26,"column":null}},"10":{"start":{"line":25,"column":6},"end":{"line":25,"column":68}},"11":{"start":{"line":27,"column":4},"end":{"line":29,"column":null}},"12":{"start":{"line":28,"column":6},"end":{"line":28,"column":68}},"13":{"start":{"line":31,"column":4},"end":{"line":35,"column":null}},"14":{"start":{"line":32,"column":6},"end":{"line":34,"column":9}},"15":{"start":{"line":37,"column":23},"end":{"line":37,"column":44}},"16":{"start":{"line":38,"column":4},"end":{"line":38,"column":22}},"17":{"start":{"line":51,"column":8},"end":{"line":51,"column":26}},"18":{"start":{"line":53,"column":22},"end":{"line":60,"column":6}},"19":{"start":{"line":61,"column":4},"end":{"line":61,"column":31}},"20":{"start":{"line":62,"column":4},"end":{"line":62,"column":21}},"21":{"start":{"line":8,"column":13},"end":{"line":64,"column":null}},"22":{"start":{"line":8,"column":13},"end":{"line":8,"column":33}}},"fnMap":{"0":{"name":"(anonymous_1)","decl":{"start":{"line":9,"column":2},"end":{"line":9,"column":7}},"loc":{"start":{"line":9,"column":54},"end":{"line":39,"column":3}}},"1":{"name":"(anonymous_2)","decl":{"start":{"line":41,"column":2},"end":{"line":41,"column":7}},"loc":{"start":{"line":42,"column":43},"end":{"line":63,"column":3}}}},"branchMap":{"0":{"loc":{"start":{"line":16,"column":4},"end":{"line":18,"column":null}},"type":"if","locations":[{"start":{"line":16,"column":4},"end":{"line":18,"column":null}}]},"1":{"loc":{"start":{"line":20,"column":4},"end":{"line":22,"column":null}},"type":"if","locations":[{"start":{"line":20,"column":4},"end":{"line":22,"column":null}}]},"2":{"loc":{"start":{"line":24,"column":4},"end":{"line":26,"column":null}},"type":"if","locations":[{"start":{"line":24,"column":4},"end":{"line":26,"column":null}}]},"3":{"loc":{"start":{"line":27,"column":4},"end":{"line":29,"column":null}},"type":"if","locations":[{"start":{"line":27,"column":4},"end":{"line":29,"column":null}}]},"4":{"loc":{"start":{"line":31,"column":4},"end":{"line":35,"column":null}},"type":"if","locations":[{"start":{"line":31,"column":4},"end":{"line":35,"column":null}}]}},"s":{"0":0,"1":0,"2":0,"3":0,"4":0,"5":0,"6":0,"7":0,"8":0,"9":0,"10":0,"11":0,"12":0,"13":0,"14":0,"15":0,"16":0,"17":0,"18":0,"19":0,"20":0,"21":0,"22":0},"f":{"0":0,"1":0},"b":{"0":[0],"1":[0],"2":[0],"3":[0],"4":[0]}}
,"/home/daniel/Documents/projet_pers/projetFinM2/Master-sEndProject-BackEnd/apps/api/src/workerDays/workerDays.service.ts": {"path":"/home/daniel/Documents/projet_pers/projetFinM2/Master-sEndProject-BackEnd/apps/api/src/workerDays/workerDays.service.ts","statementMap":{"0":{"start":{"line":1,"column":0},"end":{"line":1,"column":86}},"1":{"start":{"line":5,"column":0},"end":{"line":5,"column":77}},"2":{"start":{"line":6,"column":0},"end":{"line":6,"column":76}},"3":{"start":{"line":7,"column":0},"end":{"line":7,"column":51}},"4":{"start":{"line":12,"column":0},"end":{"line":78,"column":null}},"5":{"start":{"line":15,"column":12},"end":{"line":15,"column":34}},"6":{"start":{"line":18,"column":10},"end":{"line":18,"column":51}},"7":{"start":{"line":22,"column":4},"end":{"line":22,"column":62}},"8":{"start":{"line":26,"column":18},"end":{"line":28,"column":6}},"9":{"start":{"line":29,"column":4},"end":{"line":31,"column":null}},"10":{"start":{"line":30,"column":6},"end":{"line":30,"column":74}},"11":{"start":{"line":32,"column":4},"end":{"line":32,"column":17}},"12":{"start":{"line":38,"column":4},"end":{"line":38,"column":44}},"13":{"start":{"line":39,"column":4},"end":{"line":39,"column":73}},"14":{"start":{"line":43,"column":19},"end":{"line":45,"column":6}},"15":{"start":{"line":46,"column":4},"end":{"line":48,"column":null}},"16":{"start":{"line":47,"column":6},"end":{"line":47,"column":74}},"17":{"start":{"line":55,"column":23},"end":{"line":55,"column":54}},"18":{"start":{"line":57,"column":4},"end":{"line":57,"column":40}},"19":{"start":{"line":58,"column":4},"end":{"line":58,"column":53}},"20":{"start":{"line":60,"column":4},"end":{"line":60,"column":22}},"21":{"start":{"line":67,"column":23},"end":{"line":67,"column":54}},"22":{"start":{"line":68,"column":4},"end":{"line":68,"column":69}},"23":{"start":{"line":69,"column":4},"end":{"line":69,"column":53}},"24":{"start":{"line":70,"column":4},"end":{"line":70,"column":53}},"25":{"start":{"line":71,"column":4},"end":{"line":71,"column":57}},"26":{"start":{"line":72,"column":4},"end":{"line":72,"column":65}},"27":{"start":{"line":73,"column":4},"end":{"line":73,"column":40}},"28":{"start":{"line":74,"column":4},"end":{"line":74,"column":53}},"29":{"start":{"line":76,"column":4},"end":{"line":76,"column":22}},"30":{"start":{"line":21,"column":2},"end":{"line":23,"column":null}},"31":{"start":{"line":12,"column":13},"end":{"line":78,"column":null}},"32":{"start":{"line":12,"column":13},"end":{"line":12,"column":30}}},"fnMap":{"0":{"name":"(anonymous_4)","decl":{"start":{"line":13,"column":2},"end":{"line":13,"column":null}},"loc":{"start":{"line":15,"column":54},"end":{"line":16,"column":6}}},"1":{"name":"(anonymous_5)","decl":{"start":{"line":21,"column":2},"end":{"line":21,"column":15}},"loc":{"start":{"line":21,"column":48},"end":{"line":23,"column":3}}},"2":{"name":"(anonymous_6)","decl":{"start":{"line":25,"column":2},"end":{"line":25,"column":7}},"loc":{"start":{"line":25,"column":35},"end":{"line":33,"column":3}}},"3":{"name":"(anonymous_7)","decl":{"start":{"line":35,"column":2},"end":{"line":35,"column":17}},"loc":{"start":{"line":36,"column":43},"end":{"line":40,"column":3}}},"4":{"name":"(anonymous_8)","decl":{"start":{"line":42,"column":2},"end":{"line":42,"column":7}},"loc":{"start":{"line":42,"column":34},"end":{"line":49,"column":3}}},"5":{"name":"(anonymous_9)","decl":{"start":{"line":51,"column":2},"end":{"line":51,"column":7}},"loc":{"start":{"line":53,"column":27},"end":{"line":61,"column":3}}},"6":{"name":"(anonymous_10)","decl":{"start":{"line":63,"column":2},"end":{"line":63,"column":7}},"loc":{"start":{"line":65,"column":44},"end":{"line":77,"column":3}}}},"branchMap":{"0":{"loc":{"start":{"line":29,"column":4},"end":{"line":31,"column":null}},"type":"if","locations":[{"start":{"line":29,"column":4},"end":{"line":31,"column":null}}]},"1":{"loc":{"start":{"line":46,"column":4},"end":{"line":48,"column":null}},"type":"if","locations":[{"start":{"line":46,"column":4},"end":{"line":48,"column":null}}]}},"s":{"0":0,"1":0,"2":0,"3":0,"4":0,"5":0,"6":0,"7":0,"8":0,"9":0,"10":0,"11":0,"12":0,"13":0,"14":0,"15":0,"16":0,"17":0,"18":0,"19":0,"20":0,"21":0,"22":0,"23":0,"24":0,"25":0,"26":0,"27":0,"28":0,"29":0,"30":0,"31":0,"32":0},"f":{"0":0,"1":0,"2":0,"3":0,"4":0,"5":0,"6":0},"b":{"0":[0],"1":[0]}}
,"/home/daniel/Documents/projet_pers/projetFinM2/Master-sEndProject-BackEnd/apps/api/src/workerDays/dto/create-worker-days.dto.ts": {"path":"/home/daniel/Documents/projet_pers/projetFinM2/Master-sEndProject-BackEnd/apps/api/src/workerDays/dto/create-worker-days.dto.ts","statementMap":{"0":{"start":{"line":1,"column":0},"end":{"line":1,"column":73}},"1":{"start":{"line":2,"column":0},"end":{"line":2,"column":41}},"2":{"start":{"line":3,"column":0},"end":{"line":3,"column":84}},"3":{"start":{"line":5,"column":0},"end":{"line":5,"column":77}},"4":{"start":{"line":11,"column":2},"end":{"line":11,"column":null}},"5":{"start":{"line":16,"column":2},"end":{"line":16,"column":null}},"6":{"start":{"line":21,"column":2},"end":{"line":21,"column":null}},"7":{"start":{"line":20,"column":14},"end":{"line":20,"column":20}},"8":{"start":{"line":25,"column":2},"end":{"line":25,"column":null}},"9":{"start":{"line":29,"column":2},"end":{"line":29,"column":null}},"10":{"start":{"line":32,"column":2},"end":{"line":32,"column":null}},"11":{"start":{"line":7,"column":0},"end":{"line":7,"column":13}}},"fnMap":{"0":{"name":"(anonymous_2)","decl":{"start":{"line":20,"column":8},"end":{"line":20,"column":11}},"loc":{"start":{"line":20,"column":14},"end":{"line":20,"column":20}}}},"branchMap":{},"s":{"0":0,"1":0,"2":0,"3":0,"4":0,"5":0,"6":0,"7":0,"8":0,"9":0,"10":0,"11":0},"f":{"0":0},"b":{}}
,"/home/daniel/Documents/projet_pers/projetFinM2/Master-sEndProject-BackEnd/apps/api/src/workerDays/dto/get-worker-day-filter.dto.ts": {"path":"/home/daniel/Documents/projet_pers/projetFinM2/Master-sEndProject-BackEnd/apps/api/src/workerDays/dto/get-worker-day-filter.dto.ts","statementMap":{"0":{"start":{"line":1,"column":0},"end":{"line":1,"column":null}},"1":{"start":{"line":9,"column":0},"end":{"line":9,"column":77}},"2":{"start":{"line":15,"column":2},"end":{"line":15,"column":null}},"3":{"start":{"line":20,"column":2},"end":{"line":20,"column":null}},"4":{"start":{"line":24,"column":2},"end":{"line":24,"column":null}},"5":{"start":{"line":28,"column":2},"end":{"line":28,"column":null}},"6":{"start":{"line":32,"column":2},"end":{"line":32,"column":null}},"7":{"start":{"line":11,"column":0},"end":{"line":11,"column":13}}},"fnMap":{},"branchMap":{},"s":{"0":0,"1":0,"2":0,"3":0,"4":0,"5":0,"6":0,"7":0},"f":{},"b":{}}
,"/home/daniel/Documents/projet_pers/projetFinM2/Master-sEndProject-BackEnd/apps/api/src/workerDays/dto/update-workerDays-status.dto.ts": {"path":"/home/daniel/Documents/projet_pers/projetFinM2/Master-sEndProject-BackEnd/apps/api/src/workerDays/dto/update-workerDays-status.dto.ts","statementMap":{"0":{"start":{"line":1,"column":0},"end":{"line":1,"column":41}},"1":{"start":{"line":3,"column":0},"end":{"line":3,"column":67}},"2":{"start":{"line":7,"column":2},"end":{"line":7,"column":null}},"3":{"start":{"line":5,"column":0},"end":{"line":5,"column":13}}},"fnMap":{},"branchMap":{},"s":{"0":0,"1":0,"2":0,"3":0},"f":{},"b":{}}
,"/home/daniel/Documents/projet_pers/projetFinM2/Master-sEndProject-BackEnd/apps/api/src/workerDays/dto/update-workerDays.dto.ts": {"path":"/home/daniel/Documents/projet_pers/projetFinM2/Master-sEndProject-BackEnd/apps/api/src/workerDays/dto/update-workerDays.dto.ts","statementMap":{"0":{"start":{"line":1,"column":0},"end":{"line":1,"column":41}},"1":{"start":{"line":2,"column":0},"end":{"line":2,"column":null}},"2":{"start":{"line":9,"column":0},"end":{"line":9,"column":77}},"3":{"start":{"line":15,"column":2},"end":{"line":15,"column":null}},"4":{"start":{"line":20,"column":2},"end":{"line":20,"column":null}},"5":{"start":{"line":25,"column":2},"end":{"line":25,"column":null}},"6":{"start":{"line":24,"column":14},"end":{"line":24,"column":20}},"7":{"start":{"line":29,"column":2},"end":{"line":29,"column":null}},"8":{"start":{"line":33,"column":2},"end":{"line":33,"column":null}},"9":{"start":{"line":11,"column":0},"end":{"line":11,"column":13}}},"fnMap":{"0":{"name":"(anonymous_2)","decl":{"start":{"line":24,"column":8},"end":{"line":24,"column":11}},"loc":{"start":{"line":24,"column":14},"end":{"line":24,"column":20}}}},"branchMap":{},"s":{"0":0,"1":0,"2":0,"3":0,"4":0,"5":0,"6":0,"7":0,"8":0,"9":0},"f":{"0":0},"b":{}}
,"/home/daniel/Documents/projet_pers/projetFinM2/Master-sEndProject-BackEnd/apps/api/test/app.e2e-spec.ts": {"path":"/home/daniel/Documents/projet_pers/projetFinM2/Master-sEndProject-BackEnd/apps/api/test/app.e2e-spec.ts","statementMap":{"0":{"start":{"line":2,"column":0},"end":{"line":2,"column":54}},"1":{"start":{"line":3,"column":0},"end":{"line":3,"column":37}},"2":{"start":{"line":5,"column":0},"end":{"line":5,"column":46}},"3":{"start":{"line":7,"column":0},"end":{"line":21,"column":3}},"4":{"start":{"line":10,"column":2},"end":{"line":17,"column":5}},"5":{"start":{"line":11,"column":41},"end":{"line":13,"column":16}},"6":{"start":{"line":15,"column":4},"end":{"line":15,"column":48}},"7":{"start":{"line":16,"column":4},"end":{"line":16,"column":21}},"8":{"start":{"line":19,"column":2},"end":{"line":20,"column":78}},"9":{"start":{"line":20,"column":4},"end":{"line":20,"column":76}}},"fnMap":{"0":{"name":"(anonymous_0)","decl":{"start":{"line":7,"column":32},"end":{"line":7,"column":35}},"loc":{"start":{"line":7,"column":37},"end":{"line":21,"column":1}}},"1":{"name":"(anonymous_1)","decl":{"start":{"line":10,"column":13},"end":{"line":10,"column":18}},"loc":{"start":{"line":10,"column":24},"end":{"line":17,"column":3}}},"2":{"name":"(anonymous_2)","decl":{"start":{"line":19,"column":16},"end":{"line":19,"column":19}},"loc":{"start":{"line":20,"column":4},"end":{"line":20,"column":76}}}},"branchMap":{},"s":{"0":0,"1":0,"2":0,"3":0,"4":0,"5":0,"6":0,"7":0,"8":0,"9":0},"f":{"0":0,"1":0,"2":0},"b":{}}
}
